2021-06-18 09:47:06.836 INFO  com.alibaba.nacos.client.config.impl.LocalConfigInfoProcessor Line:195 - LOCAL_SNAPSHOT_PATH:C:\Users\Re\nacos\config
2021-06-18 09:47:06.909 INFO  com.alibaba.nacos.client.config.impl.Limiter Line:53  - limitTime:5.0
2021-06-18 09:47:07.030 INFO  com.alibaba.nacos.client.config.utils.JVMUtil Line:47  - isMultiInstance:false
2021-06-18 09:47:07.105 INFO  org.springframework.cloud.bootstrap.config.PropertySourceBootstrapConfiguration Line:105 - Located property source: [BootstrapPropertySource {name='bootstrapProperties-seckill-provider-config.yaml,DEFAULT_GROUP'}, BootstrapPropertySource {name='bootstrapProperties-seckill-provider-config,DEFAULT_GROUP'}]
2021-06-18 09:47:07.128 INFO  com.re.seckillProvider.SeckillProviderApplication Line:651 - No active profile set, falling back to default profiles: default
2021-06-18 09:47:08.664 INFO  org.springframework.data.repository.config.RepositoryConfigurationDelegate Line:249 - Multiple Spring Data modules found, entering strict repository configuration mode!
2021-06-18 09:47:08.668 INFO  org.springframework.data.repository.config.RepositoryConfigurationDelegate Line:127 - Bootstrapping Spring Data Redis repositories in DEFAULT mode.
2021-06-18 09:47:08.707 INFO  org.springframework.data.repository.config.RepositoryConfigurationDelegate Line:187 - Finished Spring Data repository scanning in 16ms. Found 0 Redis repository interfaces.
2021-06-18 09:47:09.024 INFO  org.springframework.cloud.context.scope.GenericScope Line:295 - BeanFactory id=509936af-18ce-37ad-af05-6d096f35c2f1
2021-06-18 09:47:09.803 INFO  org.springframework.boot.web.embedded.tomcat.TomcatWebServer Line:92  - Tomcat initialized with port(s): 9093 (http)
2021-06-18 09:47:09.816 INFO  org.apache.catalina.core.StandardService Line:173 - Starting service [Tomcat]
2021-06-18 09:47:09.817 INFO  org.apache.catalina.core.StandardEngine Line:173 - Starting Servlet engine: [Apache Tomcat/9.0.31]
2021-06-18 09:47:09.968 INFO  org.apache.catalina.core.ContainerBase.[Tomcat].[localhost].[/] Line:173 - Initializing Spring embedded WebApplicationContext
2021-06-18 09:47:09.969 INFO  org.springframework.web.context.ContextLoader Line:284 - Root WebApplicationContext: initialization completed in 2813 ms
2021-06-18 09:47:10.666 INFO  com.alibaba.nacos.client.naming Line:56  - initializer namespace from System Property :null
2021-06-18 09:47:10.668 INFO  com.alibaba.nacos.client.naming Line:65  - initializer namespace from System Environment :null
2021-06-18 09:47:10.670 INFO  com.alibaba.nacos.client.naming Line:75  - initializer namespace from System Property :null
2021-06-18 09:47:12.708 INFO  org.springframework.boot.actuate.endpoint.web.EndpointLinksResolver Line:58  - Exposing 19 endpoint(s) beneath base path '/actuator'
2021-06-18 09:47:12.809 INFO  springfox.documentation.spring.web.PropertySourcedRequestMappingHandlerMapping Line:69  - Mapped URL path [/v2/api-docs] onto method [springfox.documentation.swagger2.web.Swagger2Controller#getDocumentation(String, HttpServletRequest)]
2021-06-18 09:47:12.840 INFO  com.netflix.config.sources.URLConfigurationSource Line:122 - To enable URLs as dynamic configuration sources, define System property archaius.configurationSource.additionalUrls or make config.properties available on classpath.
2021-06-18 09:47:12.848 INFO  com.netflix.config.sources.URLConfigurationSource Line:122 - To enable URLs as dynamic configuration sources, define System property archaius.configurationSource.additionalUrls or make config.properties available on classpath.
2021-06-18 09:47:13.025 INFO  org.springframework.scheduling.concurrent.ThreadPoolTaskExecutor Line:181 - Initializing ExecutorService 'applicationTaskExecutor'
2021-06-18 09:47:13.170 INFO  org.springframework.scheduling.concurrent.ThreadPoolTaskScheduler Line:181 - Initializing ExecutorService 'Nacso-Watch-Task-Scheduler'
2021-06-18 09:47:14.063 INFO  springfox.documentation.spring.web.plugins.DocumentationPluginsBootstrapper Line:160 - Context refreshed
2021-06-18 09:47:14.085 INFO  springfox.documentation.spring.web.plugins.DocumentationPluginsBootstrapper Line:163 - Found 1 custom documentation plugin(s)
2021-06-18 09:47:14.147 INFO  springfox.documentation.spring.web.scanners.ApiListingReferenceScanner Line:41  - Scanning for api listing references
2021-06-18 09:47:14.391 INFO  org.springframework.boot.web.embedded.tomcat.TomcatWebServer Line:204 - Tomcat started on port(s): 9093 (http) with context path ''
2021-06-18 09:47:14.396 INFO  com.alibaba.nacos.client.naming Line:66  - [BEAT] adding beat: {"cluster":"DEFAULT","ip":"172.20.89.206","metadata":{"preserved.register.source":"SPRING_CLOUD"},"period":5000,"port":9093,"scheduled":false,"serviceName":"DEFAULT_GROUP@@seckill-provider","stopped":false,"weight":1.0} to beat map.
2021-06-18 09:47:14.569 INFO  com.alibaba.nacos.client.naming Line:196 - [REGISTER-SERVICE] public registering service DEFAULT_GROUP@@seckill-provider with instance: {"clusterName":"DEFAULT","enabled":true,"ephemeral":true,"healthy":true,"instanceHeartBeatInterval":5000,"instanceHeartBeatTimeOut":15000,"ip":"172.20.89.206","ipDeleteTimeout":30000,"metadata":{"preserved.register.source":"SPRING_CLOUD"},"port":9093,"weight":1.0}
2021-06-18 09:47:14.616 INFO  com.alibaba.cloud.nacos.registry.NacosServiceRegistry Line:65  - nacos registry, DEFAULT_GROUP seckill-provider 172.20.89.206:9093 register finished
2021-06-18 09:47:15.087 INFO  com.re.seckillProvider.SeckillProviderApplication Line:61  - Started SeckillProviderApplication in 11.264 seconds (JVM running for 13.318)
2021-06-18 09:47:15.097 INFO  com.alibaba.nacos.client.config.impl.ClientWorker Line:197 - [fixed-150.158.156.214_8848] [subscribe] seckill-provider-config+DEFAULT_GROUP
2021-06-18 09:47:15.099 INFO  com.alibaba.nacos.client.config.impl.CacheData Line:92  - [fixed-150.158.156.214_8848] [add-listener] ok, tenant=, dataId=seckill-provider-config, group=DEFAULT_GROUP, cnt=1
2021-06-18 09:47:15.100 INFO  com.alibaba.nacos.client.config.impl.ClientWorker Line:197 - [fixed-150.158.156.214_8848] [subscribe] seckill-provider-config.yaml+DEFAULT_GROUP
2021-06-18 09:47:15.100 INFO  com.alibaba.nacos.client.config.impl.CacheData Line:92  - [fixed-150.158.156.214_8848] [add-listener] ok, tenant=, dataId=seckill-provider-config.yaml, group=DEFAULT_GROUP, cnt=1
2021-06-18 09:47:15.141 INFO  com.alibaba.nacos.client.config.impl.ClientWorker Line:522 - get changedGroupKeys:[]
2021-06-18 09:47:15.897 INFO  org.apache.catalina.core.ContainerBase.[Tomcat].[localhost].[/] Line:173 - Initializing Spring DispatcherServlet 'dispatcherServlet'
2021-06-18 09:47:15.898 INFO  org.springframework.web.servlet.DispatcherServlet Line:525 - Initializing Servlet 'dispatcherServlet'
2021-06-18 09:47:15.914 INFO  org.springframework.web.servlet.DispatcherServlet Line:547 - Completed initialization in 15 ms
2021-06-18 09:47:15.967 INFO  com.zaxxer.hikari.HikariDataSource Line:110 - HikariPool-1 - Starting...
2021-06-18 09:47:16.660 INFO  com.zaxxer.hikari.HikariDataSource Line:123 - HikariPool-1 - Start completed.
2021-06-18 09:47:17.166 INFO  io.lettuce.core.EpollProvider Line:68  - Starting without optional epoll library
2021-06-18 09:47:17.168 INFO  io.lettuce.core.KqueueProvider Line:70  - Starting without optional kqueue library
2021-06-18 09:47:44.851 INFO  com.alibaba.nacos.client.config.impl.ClientWorker Line:522 - get changedGroupKeys:[]
2021-06-18 09:48:14.462 INFO  com.alibaba.nacos.client.config.impl.ClientWorker Line:522 - get changedGroupKeys:[]
2021-06-18 09:48:44.009 INFO  com.alibaba.nacos.client.config.impl.ClientWorker Line:522 - get changedGroupKeys:[]
2021-06-18 09:49:13.545 INFO  com.alibaba.nacos.client.config.impl.ClientWorker Line:522 - get changedGroupKeys:[]
2021-06-18 09:49:43.080 INFO  com.alibaba.nacos.client.config.impl.ClientWorker Line:522 - get changedGroupKeys:[]
2021-06-18 09:50:12.618 INFO  com.alibaba.nacos.client.config.impl.ClientWorker Line:522 - get changedGroupKeys:[]
2021-06-18 09:50:42.156 INFO  com.alibaba.nacos.client.config.impl.ClientWorker Line:522 - get changedGroupKeys:[]
2021-06-18 09:51:11.693 INFO  com.alibaba.nacos.client.config.impl.ClientWorker Line:522 - get changedGroupKeys:[]
2021-06-18 09:51:41.234 INFO  com.alibaba.nacos.client.config.impl.ClientWorker Line:522 - get changedGroupKeys:[]
2021-06-18 09:52:10.767 INFO  com.alibaba.nacos.client.config.impl.ClientWorker Line:522 - get changedGroupKeys:[]
2021-06-18 09:52:40.305 INFO  com.alibaba.nacos.client.config.impl.ClientWorker Line:522 - get changedGroupKeys:[]
2021-06-18 09:53:09.840 INFO  com.alibaba.nacos.client.config.impl.ClientWorker Line:522 - get changedGroupKeys:[]
2021-06-18 09:53:39.379 INFO  com.alibaba.nacos.client.config.impl.ClientWorker Line:522 - get changedGroupKeys:[]
2021-06-18 09:54:08.915 INFO  com.alibaba.nacos.client.config.impl.ClientWorker Line:522 - get changedGroupKeys:[]
2021-06-18 09:54:38.451 INFO  com.alibaba.nacos.client.config.impl.ClientWorker Line:522 - get changedGroupKeys:[]
2021-06-18 09:55:07.987 INFO  com.alibaba.nacos.client.config.impl.ClientWorker Line:522 - get changedGroupKeys:[]
2021-06-18 09:55:44.183 INFO  com.alibaba.nacos.client.config.impl.LocalConfigInfoProcessor Line:195 - LOCAL_SNAPSHOT_PATH:C:\Users\Re\nacos\config
2021-06-18 09:55:44.222 INFO  com.alibaba.nacos.client.config.impl.Limiter Line:53  - limitTime:5.0
2021-06-18 09:55:44.346 INFO  com.alibaba.nacos.client.config.utils.JVMUtil Line:47  - isMultiInstance:false
2021-06-18 09:55:44.408 INFO  org.springframework.cloud.bootstrap.config.PropertySourceBootstrapConfiguration Line:105 - Located property source: [BootstrapPropertySource {name='bootstrapProperties-seckill-provider-config.yaml,DEFAULT_GROUP'}, BootstrapPropertySource {name='bootstrapProperties-seckill-provider-config,DEFAULT_GROUP'}]
2021-06-18 09:55:44.415 INFO  com.re.seckillProvider.SeckillProviderApplication Line:651 - No active profile set, falling back to default profiles: default
2021-06-18 09:55:45.886 INFO  org.springframework.data.repository.config.RepositoryConfigurationDelegate Line:249 - Multiple Spring Data modules found, entering strict repository configuration mode!
2021-06-18 09:55:45.891 INFO  org.springframework.data.repository.config.RepositoryConfigurationDelegate Line:127 - Bootstrapping Spring Data Redis repositories in DEFAULT mode.
2021-06-18 09:55:45.924 INFO  org.springframework.data.repository.config.RepositoryConfigurationDelegate Line:187 - Finished Spring Data repository scanning in 16ms. Found 0 Redis repository interfaces.
2021-06-18 09:55:46.224 INFO  org.springframework.cloud.context.scope.GenericScope Line:295 - BeanFactory id=509936af-18ce-37ad-af05-6d096f35c2f1
2021-06-18 09:55:46.968 INFO  org.springframework.boot.web.embedded.tomcat.TomcatWebServer Line:92  - Tomcat initialized with port(s): 9093 (http)
2021-06-18 09:55:46.983 INFO  org.apache.catalina.core.StandardService Line:173 - Starting service [Tomcat]
2021-06-18 09:55:46.983 INFO  org.apache.catalina.core.StandardEngine Line:173 - Starting Servlet engine: [Apache Tomcat/9.0.31]
2021-06-18 09:55:47.129 INFO  org.apache.catalina.core.ContainerBase.[Tomcat].[localhost].[/] Line:173 - Initializing Spring embedded WebApplicationContext
2021-06-18 09:55:47.129 INFO  org.springframework.web.context.ContextLoader Line:284 - Root WebApplicationContext: initialization completed in 2692 ms
2021-06-18 09:55:47.836 INFO  com.alibaba.nacos.client.naming Line:56  - initializer namespace from System Property :null
2021-06-18 09:55:47.838 INFO  com.alibaba.nacos.client.naming Line:65  - initializer namespace from System Environment :null
2021-06-18 09:55:47.840 INFO  com.alibaba.nacos.client.naming Line:75  - initializer namespace from System Property :null
2021-06-18 09:55:49.969 INFO  org.springframework.boot.actuate.endpoint.web.EndpointLinksResolver Line:58  - Exposing 19 endpoint(s) beneath base path '/actuator'
2021-06-18 09:55:50.093 INFO  springfox.documentation.spring.web.PropertySourcedRequestMappingHandlerMapping Line:69  - Mapped URL path [/v2/api-docs] onto method [springfox.documentation.swagger2.web.Swagger2Controller#getDocumentation(String, HttpServletRequest)]
2021-06-18 09:55:50.125 INFO  com.netflix.config.sources.URLConfigurationSource Line:122 - To enable URLs as dynamic configuration sources, define System property archaius.configurationSource.additionalUrls or make config.properties available on classpath.
2021-06-18 09:55:50.131 INFO  com.netflix.config.sources.URLConfigurationSource Line:122 - To enable URLs as dynamic configuration sources, define System property archaius.configurationSource.additionalUrls or make config.properties available on classpath.
2021-06-18 09:55:50.303 INFO  org.springframework.scheduling.concurrent.ThreadPoolTaskExecutor Line:181 - Initializing ExecutorService 'applicationTaskExecutor'
2021-06-18 09:55:50.451 INFO  org.springframework.scheduling.concurrent.ThreadPoolTaskScheduler Line:181 - Initializing ExecutorService 'Nacso-Watch-Task-Scheduler'
2021-06-18 09:55:51.390 INFO  springfox.documentation.spring.web.plugins.DocumentationPluginsBootstrapper Line:160 - Context refreshed
2021-06-18 09:55:51.407 INFO  springfox.documentation.spring.web.plugins.DocumentationPluginsBootstrapper Line:163 - Found 1 custom documentation plugin(s)
2021-06-18 09:55:51.458 INFO  springfox.documentation.spring.web.scanners.ApiListingReferenceScanner Line:41  - Scanning for api listing references
2021-06-18 09:55:51.690 INFO  org.springframework.boot.web.embedded.tomcat.TomcatWebServer Line:204 - Tomcat started on port(s): 9093 (http) with context path ''
2021-06-18 09:55:51.695 INFO  com.alibaba.nacos.client.naming Line:66  - [BEAT] adding beat: {"cluster":"DEFAULT","ip":"172.20.89.206","metadata":{"preserved.register.source":"SPRING_CLOUD"},"period":5000,"port":9093,"scheduled":false,"serviceName":"DEFAULT_GROUP@@seckill-provider","stopped":false,"weight":1.0} to beat map.
2021-06-18 09:55:51.789 INFO  com.alibaba.nacos.client.naming Line:196 - [REGISTER-SERVICE] public registering service DEFAULT_GROUP@@seckill-provider with instance: {"clusterName":"DEFAULT","enabled":true,"ephemeral":true,"healthy":true,"instanceHeartBeatInterval":5000,"instanceHeartBeatTimeOut":15000,"ip":"172.20.89.206","ipDeleteTimeout":30000,"metadata":{"preserved.register.source":"SPRING_CLOUD"},"port":9093,"weight":1.0}
2021-06-18 09:55:51.830 INFO  com.alibaba.cloud.nacos.registry.NacosServiceRegistry Line:65  - nacos registry, DEFAULT_GROUP seckill-provider 172.20.89.206:9093 register finished
2021-06-18 09:55:52.266 INFO  com.re.seckillProvider.SeckillProviderApplication Line:61  - Started SeckillProviderApplication in 11.837 seconds (JVM running for 14.334)
2021-06-18 09:55:52.276 INFO  com.alibaba.nacos.client.config.impl.ClientWorker Line:197 - [fixed-150.158.156.214_8848] [subscribe] seckill-provider-config+DEFAULT_GROUP
2021-06-18 09:55:52.277 INFO  com.alibaba.nacos.client.config.impl.CacheData Line:92  - [fixed-150.158.156.214_8848] [add-listener] ok, tenant=, dataId=seckill-provider-config, group=DEFAULT_GROUP, cnt=1
2021-06-18 09:55:52.278 INFO  com.alibaba.nacos.client.config.impl.ClientWorker Line:197 - [fixed-150.158.156.214_8848] [subscribe] seckill-provider-config.yaml+DEFAULT_GROUP
2021-06-18 09:55:52.278 INFO  com.alibaba.nacos.client.config.impl.CacheData Line:92  - [fixed-150.158.156.214_8848] [add-listener] ok, tenant=, dataId=seckill-provider-config.yaml, group=DEFAULT_GROUP, cnt=1
2021-06-18 09:55:52.323 INFO  com.alibaba.nacos.client.config.impl.ClientWorker Line:522 - get changedGroupKeys:[]
2021-06-18 09:55:52.395 INFO  org.apache.catalina.core.ContainerBase.[Tomcat].[localhost].[/] Line:173 - Initializing Spring DispatcherServlet 'dispatcherServlet'
2021-06-18 09:55:52.396 INFO  org.springframework.web.servlet.DispatcherServlet Line:525 - Initializing Servlet 'dispatcherServlet'
2021-06-18 09:55:52.407 INFO  org.springframework.web.servlet.DispatcherServlet Line:547 - Completed initialization in 11 ms
2021-06-18 09:55:53.172 INFO  com.zaxxer.hikari.HikariDataSource Line:110 - HikariPool-1 - Starting...
2021-06-18 09:55:53.781 INFO  com.zaxxer.hikari.HikariDataSource Line:123 - HikariPool-1 - Start completed.
2021-06-18 09:55:54.244 INFO  io.lettuce.core.EpollProvider Line:68  - Starting without optional epoll library
2021-06-18 09:55:54.246 INFO  io.lettuce.core.KqueueProvider Line:70  - Starting without optional kqueue library
2021-06-18 09:56:22.022 INFO  com.alibaba.nacos.client.config.impl.ClientWorker Line:522 - get changedGroupKeys:[]
2021-06-18 09:56:51.560 INFO  com.alibaba.nacos.client.config.impl.ClientWorker Line:522 - get changedGroupKeys:[]
2021-06-18 09:57:21.097 INFO  com.alibaba.nacos.client.config.impl.ClientWorker Line:522 - get changedGroupKeys:[]
2021-06-18 09:57:50.634 INFO  com.alibaba.nacos.client.config.impl.ClientWorker Line:522 - get changedGroupKeys:[]
2021-06-18 09:58:20.175 INFO  com.alibaba.nacos.client.config.impl.ClientWorker Line:522 - get changedGroupKeys:[]
2021-06-18 09:58:49.710 INFO  com.alibaba.nacos.client.config.impl.ClientWorker Line:522 - get changedGroupKeys:[]
2021-06-18 09:59:19.245 INFO  com.alibaba.nacos.client.config.impl.ClientWorker Line:522 - get changedGroupKeys:[]
2021-06-18 09:59:48.779 INFO  com.alibaba.nacos.client.config.impl.ClientWorker Line:522 - get changedGroupKeys:[]
2021-06-18 10:00:18.316 INFO  com.alibaba.nacos.client.config.impl.ClientWorker Line:522 - get changedGroupKeys:[]
2021-06-18 10:00:47.853 INFO  com.alibaba.nacos.client.config.impl.ClientWorker Line:522 - get changedGroupKeys:[]
2021-06-18 10:01:17.392 INFO  com.alibaba.nacos.client.config.impl.ClientWorker Line:522 - get changedGroupKeys:[]
2021-06-18 10:01:46.928 INFO  com.alibaba.nacos.client.config.impl.ClientWorker Line:522 - get changedGroupKeys:[]
2021-06-18 10:02:16.464 INFO  com.alibaba.nacos.client.config.impl.ClientWorker Line:522 - get changedGroupKeys:[]
2021-06-18 10:02:45.998 INFO  com.alibaba.nacos.client.config.impl.ClientWorker Line:522 - get changedGroupKeys:[]
2021-06-18 10:03:15.533 INFO  com.alibaba.nacos.client.config.impl.ClientWorker Line:522 - get changedGroupKeys:[]
2021-06-18 10:03:45.069 INFO  com.alibaba.nacos.client.config.impl.ClientWorker Line:522 - get changedGroupKeys:[]
2021-06-18 10:04:14.606 INFO  com.alibaba.nacos.client.config.impl.ClientWorker Line:522 - get changedGroupKeys:[]
2021-06-18 10:04:44.146 INFO  com.alibaba.nacos.client.config.impl.ClientWorker Line:522 - get changedGroupKeys:[]
2021-06-18 10:05:13.683 INFO  com.alibaba.nacos.client.config.impl.ClientWorker Line:522 - get changedGroupKeys:[]
2021-06-18 10:05:43.220 INFO  com.alibaba.nacos.client.config.impl.ClientWorker Line:522 - get changedGroupKeys:[]
2021-06-18 10:06:12.758 INFO  com.alibaba.nacos.client.config.impl.ClientWorker Line:522 - get changedGroupKeys:[]
2021-06-18 10:06:42.294 INFO  com.alibaba.nacos.client.config.impl.ClientWorker Line:522 - get changedGroupKeys:[]
2021-06-18 10:07:11.828 INFO  com.alibaba.nacos.client.config.impl.ClientWorker Line:522 - get changedGroupKeys:[]
2021-06-18 10:07:41.364 INFO  com.alibaba.nacos.client.config.impl.ClientWorker Line:522 - get changedGroupKeys:[]
2021-06-18 10:08:10.902 INFO  com.alibaba.nacos.client.config.impl.ClientWorker Line:522 - get changedGroupKeys:[]
2021-06-18 10:08:40.438 INFO  com.alibaba.nacos.client.config.impl.ClientWorker Line:522 - get changedGroupKeys:[]
2021-06-18 10:09:09.977 INFO  com.alibaba.nacos.client.config.impl.ClientWorker Line:522 - get changedGroupKeys:[]
2021-06-18 10:09:39.513 INFO  com.alibaba.nacos.client.config.impl.ClientWorker Line:522 - get changedGroupKeys:[]
2021-06-18 10:10:09.049 INFO  com.alibaba.nacos.client.config.impl.ClientWorker Line:522 - get changedGroupKeys:[]
2021-06-18 10:10:38.586 INFO  com.alibaba.nacos.client.config.impl.ClientWorker Line:522 - get changedGroupKeys:[]
2021-06-18 10:11:08.127 INFO  com.alibaba.nacos.client.config.impl.ClientWorker Line:522 - get changedGroupKeys:[]
2021-06-18 10:11:37.712 INFO  com.alibaba.nacos.client.config.impl.ClientWorker Line:522 - get changedGroupKeys:[]
2021-06-18 10:12:07.246 INFO  com.alibaba.nacos.client.config.impl.ClientWorker Line:522 - get changedGroupKeys:[]
2021-06-18 10:12:42.828 INFO  com.alibaba.nacos.client.config.impl.LocalConfigInfoProcessor Line:195 - LOCAL_SNAPSHOT_PATH:C:\Users\Re\nacos\config
2021-06-18 10:12:42.891 INFO  com.alibaba.nacos.client.config.impl.Limiter Line:53  - limitTime:5.0
2021-06-18 10:12:43.024 INFO  com.alibaba.nacos.client.config.utils.JVMUtil Line:47  - isMultiInstance:false
2021-06-18 10:12:43.091 INFO  org.springframework.cloud.bootstrap.config.PropertySourceBootstrapConfiguration Line:105 - Located property source: [BootstrapPropertySource {name='bootstrapProperties-seckill-provider-config.yaml,DEFAULT_GROUP'}, BootstrapPropertySource {name='bootstrapProperties-seckill-provider-config,DEFAULT_GROUP'}]
2021-06-18 10:12:43.100 INFO  com.re.seckillProvider.SeckillProviderApplication Line:651 - No active profile set, falling back to default profiles: default
2021-06-18 10:12:44.735 INFO  org.springframework.data.repository.config.RepositoryConfigurationDelegate Line:249 - Multiple Spring Data modules found, entering strict repository configuration mode!
2021-06-18 10:12:44.738 INFO  org.springframework.data.repository.config.RepositoryConfigurationDelegate Line:127 - Bootstrapping Spring Data Redis repositories in DEFAULT mode.
2021-06-18 10:12:44.780 INFO  org.springframework.data.repository.config.RepositoryConfigurationDelegate Line:187 - Finished Spring Data repository scanning in 23ms. Found 0 Redis repository interfaces.
2021-06-18 10:12:45.172 INFO  org.springframework.cloud.context.scope.GenericScope Line:295 - BeanFactory id=509936af-18ce-37ad-af05-6d096f35c2f1
2021-06-18 10:12:46.364 INFO  org.springframework.boot.web.embedded.tomcat.TomcatWebServer Line:92  - Tomcat initialized with port(s): 9093 (http)
2021-06-18 10:12:46.383 INFO  org.apache.catalina.core.StandardService Line:173 - Starting service [Tomcat]
2021-06-18 10:12:46.384 INFO  org.apache.catalina.core.StandardEngine Line:173 - Starting Servlet engine: [Apache Tomcat/9.0.31]
2021-06-18 10:12:46.614 INFO  org.apache.catalina.core.ContainerBase.[Tomcat].[localhost].[/] Line:173 - Initializing Spring embedded WebApplicationContext
2021-06-18 10:12:46.614 INFO  org.springframework.web.context.ContextLoader Line:284 - Root WebApplicationContext: initialization completed in 3478 ms
2021-06-18 10:12:47.379 INFO  com.alibaba.nacos.client.naming Line:56  - initializer namespace from System Property :null
2021-06-18 10:12:47.381 INFO  com.alibaba.nacos.client.naming Line:65  - initializer namespace from System Environment :null
2021-06-18 10:12:47.385 INFO  com.alibaba.nacos.client.naming Line:75  - initializer namespace from System Property :null
2021-06-18 10:12:49.908 INFO  org.springframework.boot.actuate.endpoint.web.EndpointLinksResolver Line:58  - Exposing 19 endpoint(s) beneath base path '/actuator'
2021-06-18 10:12:50.066 INFO  springfox.documentation.spring.web.PropertySourcedRequestMappingHandlerMapping Line:69  - Mapped URL path [/v2/api-docs] onto method [springfox.documentation.swagger2.web.Swagger2Controller#getDocumentation(String, HttpServletRequest)]
2021-06-18 10:12:50.117 INFO  com.netflix.config.sources.URLConfigurationSource Line:122 - To enable URLs as dynamic configuration sources, define System property archaius.configurationSource.additionalUrls or make config.properties available on classpath.
2021-06-18 10:12:50.132 INFO  com.netflix.config.sources.URLConfigurationSource Line:122 - To enable URLs as dynamic configuration sources, define System property archaius.configurationSource.additionalUrls or make config.properties available on classpath.
2021-06-18 10:12:50.376 INFO  org.springframework.scheduling.concurrent.ThreadPoolTaskExecutor Line:181 - Initializing ExecutorService 'applicationTaskExecutor'
2021-06-18 10:12:50.588 INFO  org.springframework.scheduling.concurrent.ThreadPoolTaskScheduler Line:181 - Initializing ExecutorService 'Nacso-Watch-Task-Scheduler'
2021-06-18 10:12:51.812 INFO  springfox.documentation.spring.web.plugins.DocumentationPluginsBootstrapper Line:160 - Context refreshed
2021-06-18 10:12:51.839 INFO  springfox.documentation.spring.web.plugins.DocumentationPluginsBootstrapper Line:163 - Found 1 custom documentation plugin(s)
2021-06-18 10:12:51.913 INFO  springfox.documentation.spring.web.scanners.ApiListingReferenceScanner Line:41  - Scanning for api listing references
2021-06-18 10:12:52.213 INFO  org.springframework.boot.web.embedded.tomcat.TomcatWebServer Line:204 - Tomcat started on port(s): 9093 (http) with context path ''
2021-06-18 10:12:52.218 INFO  com.alibaba.nacos.client.naming Line:66  - [BEAT] adding beat: {"cluster":"DEFAULT","ip":"172.20.89.206","metadata":{"preserved.register.source":"SPRING_CLOUD"},"period":5000,"port":9093,"scheduled":false,"serviceName":"DEFAULT_GROUP@@seckill-provider","stopped":false,"weight":1.0} to beat map.
2021-06-18 10:12:52.341 INFO  com.alibaba.nacos.client.naming Line:196 - [REGISTER-SERVICE] public registering service DEFAULT_GROUP@@seckill-provider with instance: {"clusterName":"DEFAULT","enabled":true,"ephemeral":true,"healthy":true,"instanceHeartBeatInterval":5000,"instanceHeartBeatTimeOut":15000,"ip":"172.20.89.206","ipDeleteTimeout":30000,"metadata":{"preserved.register.source":"SPRING_CLOUD"},"port":9093,"weight":1.0}
2021-06-18 10:12:52.387 INFO  com.alibaba.cloud.nacos.registry.NacosServiceRegistry Line:65  - nacos registry, DEFAULT_GROUP seckill-provider 172.20.89.206:9093 register finished
2021-06-18 10:12:52.826 INFO  com.re.seckillProvider.SeckillProviderApplication Line:61  - Started SeckillProviderApplication in 13.776 seconds (JVM running for 17.355)
2021-06-18 10:12:52.838 INFO  com.alibaba.nacos.client.config.impl.ClientWorker Line:197 - [fixed-150.158.156.214_8848] [subscribe] seckill-provider-config+DEFAULT_GROUP
2021-06-18 10:12:52.842 INFO  com.alibaba.nacos.client.config.impl.CacheData Line:92  - [fixed-150.158.156.214_8848] [add-listener] ok, tenant=, dataId=seckill-provider-config, group=DEFAULT_GROUP, cnt=1
2021-06-18 10:12:52.843 INFO  com.alibaba.nacos.client.config.impl.ClientWorker Line:197 - [fixed-150.158.156.214_8848] [subscribe] seckill-provider-config.yaml+DEFAULT_GROUP
2021-06-18 10:12:52.845 INFO  com.alibaba.nacos.client.config.impl.CacheData Line:92  - [fixed-150.158.156.214_8848] [add-listener] ok, tenant=, dataId=seckill-provider-config.yaml, group=DEFAULT_GROUP, cnt=1
2021-06-18 10:12:52.880 INFO  com.alibaba.nacos.client.config.impl.ClientWorker Line:522 - get changedGroupKeys:[]
2021-06-18 10:12:52.926 INFO  com.alibaba.nacos.client.config.impl.ClientWorker Line:522 - get changedGroupKeys:[]
2021-06-18 10:12:53.843 INFO  org.apache.catalina.core.ContainerBase.[Tomcat].[localhost].[/] Line:173 - Initializing Spring DispatcherServlet 'dispatcherServlet'
2021-06-18 10:12:53.844 INFO  org.springframework.web.servlet.DispatcherServlet Line:525 - Initializing Servlet 'dispatcherServlet'
2021-06-18 10:12:53.865 INFO  org.springframework.web.servlet.DispatcherServlet Line:547 - Completed initialization in 20 ms
2021-06-18 10:12:53.916 INFO  com.zaxxer.hikari.HikariDataSource Line:110 - HikariPool-1 - Starting...
2021-06-18 10:12:54.585 INFO  com.zaxxer.hikari.HikariDataSource Line:123 - HikariPool-1 - Start completed.
2021-06-18 10:12:55.173 INFO  io.lettuce.core.EpollProvider Line:68  - Starting without optional epoll library
2021-06-18 10:12:55.176 INFO  io.lettuce.core.KqueueProvider Line:70  - Starting without optional kqueue library
2021-06-18 10:13:22.630 INFO  com.alibaba.nacos.client.config.impl.ClientWorker Line:522 - get changedGroupKeys:[]
2021-06-18 10:13:52.167 INFO  com.alibaba.nacos.client.config.impl.ClientWorker Line:522 - get changedGroupKeys:[]
2021-06-18 10:14:21.706 INFO  com.alibaba.nacos.client.config.impl.ClientWorker Line:522 - get changedGroupKeys:[]
2021-06-18 10:15:12.756 INFO  com.alibaba.nacos.client.config.impl.ClientWorker Line:522 - get changedGroupKeys:[]
2021-06-18 10:15:42.292 INFO  com.alibaba.nacos.client.config.impl.ClientWorker Line:522 - get changedGroupKeys:[]
2021-06-18 10:15:43.909 INFO  org.springframework.scheduling.concurrent.ThreadPoolTaskScheduler Line:218 - Shutting down ExecutorService 'Nacso-Watch-Task-Scheduler'
2021-06-18 10:15:43.913 INFO  com.alibaba.cloud.nacos.registry.NacosServiceRegistry Line:80  - De-registering from Nacos Server now...
2021-06-18 10:15:43.913 INFO  com.alibaba.nacos.client.naming Line:79  - [BEAT] removing beat: DEFAULT_GROUP@@seckill-provider:172.20.89.206:9093 from beat map.
2021-06-18 10:15:43.914 INFO  com.alibaba.nacos.client.naming Line:218 - [DEREGISTER-SERVICE] public deregistering service DEFAULT_GROUP@@seckill-provider with instance: {"clusterName":"DEFAULT","enabled":true,"ephemeral":true,"healthy":true,"instanceHeartBeatInterval":5000,"instanceHeartBeatTimeOut":15000,"instanceIdGenerator":"simple","ip":"172.20.89.206","ipDeleteTimeout":30000,"metadata":{},"port":9093,"weight":1.0}
2021-06-18 10:15:43.952 INFO  com.alibaba.cloud.nacos.registry.NacosServiceRegistry Line:100 - De-registration finished.
2021-06-18 10:15:43.957 INFO  org.springframework.scheduling.concurrent.ThreadPoolTaskExecutor Line:218 - Shutting down ExecutorService 'applicationTaskExecutor'
2021-06-18 10:15:44.098 INFO  com.zaxxer.hikari.HikariDataSource Line:350 - HikariPool-1 - Shutdown initiated...
2021-06-18 10:15:44.113 INFO  com.zaxxer.hikari.HikariDataSource Line:352 - HikariPool-1 - Shutdown completed.
2021-06-18 10:15:57.200 INFO  com.alibaba.nacos.client.config.impl.LocalConfigInfoProcessor Line:195 - LOCAL_SNAPSHOT_PATH:C:\Users\Re\nacos\config
2021-06-18 10:15:57.240 INFO  com.alibaba.nacos.client.config.impl.Limiter Line:53  - limitTime:5.0
2021-06-18 10:15:57.358 INFO  com.alibaba.nacos.client.config.utils.JVMUtil Line:47  - isMultiInstance:false
2021-06-18 10:15:57.412 INFO  org.springframework.cloud.bootstrap.config.PropertySourceBootstrapConfiguration Line:105 - Located property source: [BootstrapPropertySource {name='bootstrapProperties-seckill-provider-config.yaml,DEFAULT_GROUP'}, BootstrapPropertySource {name='bootstrapProperties-seckill-provider-config,DEFAULT_GROUP'}]
2021-06-18 10:15:57.419 INFO  com.re.seckillProvider.SeckillProviderApplication Line:651 - No active profile set, falling back to default profiles: default
2021-06-18 10:15:59.287 INFO  org.springframework.data.repository.config.RepositoryConfigurationDelegate Line:249 - Multiple Spring Data modules found, entering strict repository configuration mode!
2021-06-18 10:15:59.293 INFO  org.springframework.data.repository.config.RepositoryConfigurationDelegate Line:127 - Bootstrapping Spring Data Redis repositories in DEFAULT mode.
2021-06-18 10:15:59.349 INFO  org.springframework.data.repository.config.RepositoryConfigurationDelegate Line:187 - Finished Spring Data repository scanning in 28ms. Found 0 Redis repository interfaces.
2021-06-18 10:15:59.779 INFO  org.springframework.cloud.context.scope.GenericScope Line:295 - BeanFactory id=509936af-18ce-37ad-af05-6d096f35c2f1
2021-06-18 10:16:00.863 INFO  org.springframework.boot.web.embedded.tomcat.TomcatWebServer Line:92  - Tomcat initialized with port(s): 9093 (http)
2021-06-18 10:16:00.879 INFO  org.apache.catalina.core.StandardService Line:173 - Starting service [Tomcat]
2021-06-18 10:16:00.880 INFO  org.apache.catalina.core.StandardEngine Line:173 - Starting Servlet engine: [Apache Tomcat/9.0.31]
2021-06-18 10:16:01.122 INFO  org.apache.catalina.core.ContainerBase.[Tomcat].[localhost].[/] Line:173 - Initializing Spring embedded WebApplicationContext
2021-06-18 10:16:01.123 INFO  org.springframework.web.context.ContextLoader Line:284 - Root WebApplicationContext: initialization completed in 3682 ms
2021-06-18 10:16:01.832 INFO  com.alibaba.nacos.client.naming Line:56  - initializer namespace from System Property :null
2021-06-18 10:16:01.834 INFO  com.alibaba.nacos.client.naming Line:65  - initializer namespace from System Environment :null
2021-06-18 10:16:01.836 INFO  com.alibaba.nacos.client.naming Line:75  - initializer namespace from System Property :null
2021-06-18 10:16:04.057 INFO  org.springframework.boot.actuate.endpoint.web.EndpointLinksResolver Line:58  - Exposing 19 endpoint(s) beneath base path '/actuator'
2021-06-18 10:16:04.151 INFO  springfox.documentation.spring.web.PropertySourcedRequestMappingHandlerMapping Line:69  - Mapped URL path [/v2/api-docs] onto method [springfox.documentation.swagger2.web.Swagger2Controller#getDocumentation(String, HttpServletRequest)]
2021-06-18 10:16:04.176 INFO  com.netflix.config.sources.URLConfigurationSource Line:122 - To enable URLs as dynamic configuration sources, define System property archaius.configurationSource.additionalUrls or make config.properties available on classpath.
2021-06-18 10:16:04.181 INFO  com.netflix.config.sources.URLConfigurationSource Line:122 - To enable URLs as dynamic configuration sources, define System property archaius.configurationSource.additionalUrls or make config.properties available on classpath.
2021-06-18 10:16:04.333 INFO  org.springframework.scheduling.concurrent.ThreadPoolTaskExecutor Line:181 - Initializing ExecutorService 'applicationTaskExecutor'
2021-06-18 10:16:04.493 INFO  org.springframework.scheduling.concurrent.ThreadPoolTaskScheduler Line:181 - Initializing ExecutorService 'Nacso-Watch-Task-Scheduler'
2021-06-18 10:16:05.442 INFO  springfox.documentation.spring.web.plugins.DocumentationPluginsBootstrapper Line:160 - Context refreshed
2021-06-18 10:16:05.467 INFO  springfox.documentation.spring.web.plugins.DocumentationPluginsBootstrapper Line:163 - Found 1 custom documentation plugin(s)
2021-06-18 10:16:05.544 INFO  springfox.documentation.spring.web.scanners.ApiListingReferenceScanner Line:41  - Scanning for api listing references
2021-06-18 10:16:05.782 INFO  org.springframework.boot.web.embedded.tomcat.TomcatWebServer Line:204 - Tomcat started on port(s): 9093 (http) with context path ''
2021-06-18 10:16:05.787 INFO  com.alibaba.nacos.client.naming Line:66  - [BEAT] adding beat: {"cluster":"DEFAULT","ip":"172.20.89.206","metadata":{"preserved.register.source":"SPRING_CLOUD"},"period":5000,"port":9093,"scheduled":false,"serviceName":"DEFAULT_GROUP@@seckill-provider","stopped":false,"weight":1.0} to beat map.
2021-06-18 10:16:05.900 INFO  com.alibaba.nacos.client.naming Line:196 - [REGISTER-SERVICE] public registering service DEFAULT_GROUP@@seckill-provider with instance: {"clusterName":"DEFAULT","enabled":true,"ephemeral":true,"healthy":true,"instanceHeartBeatInterval":5000,"instanceHeartBeatTimeOut":15000,"ip":"172.20.89.206","ipDeleteTimeout":30000,"metadata":{"preserved.register.source":"SPRING_CLOUD"},"port":9093,"weight":1.0}
2021-06-18 10:16:05.947 INFO  com.alibaba.cloud.nacos.registry.NacosServiceRegistry Line:65  - nacos registry, DEFAULT_GROUP seckill-provider 172.20.89.206:9093 register finished
2021-06-18 10:16:06.380 INFO  com.re.seckillProvider.SeckillProviderApplication Line:61  - Started SeckillProviderApplication in 12.749 seconds (JVM running for 14.8)
2021-06-18 10:16:06.389 INFO  com.alibaba.nacos.client.config.impl.ClientWorker Line:197 - [fixed-150.158.156.214_8848] [subscribe] seckill-provider-config+DEFAULT_GROUP
2021-06-18 10:16:06.390 INFO  com.alibaba.nacos.client.config.impl.CacheData Line:92  - [fixed-150.158.156.214_8848] [add-listener] ok, tenant=, dataId=seckill-provider-config, group=DEFAULT_GROUP, cnt=1
2021-06-18 10:16:06.391 INFO  com.alibaba.nacos.client.config.impl.ClientWorker Line:197 - [fixed-150.158.156.214_8848] [subscribe] seckill-provider-config.yaml+DEFAULT_GROUP
2021-06-18 10:16:06.392 INFO  com.alibaba.nacos.client.config.impl.CacheData Line:92  - [fixed-150.158.156.214_8848] [add-listener] ok, tenant=, dataId=seckill-provider-config.yaml, group=DEFAULT_GROUP, cnt=1
2021-06-18 10:16:06.431 INFO  com.alibaba.nacos.client.config.impl.ClientWorker Line:522 - get changedGroupKeys:[]
2021-06-18 10:16:06.452 INFO  org.apache.catalina.core.ContainerBase.[Tomcat].[localhost].[/] Line:173 - Initializing Spring DispatcherServlet 'dispatcherServlet'
2021-06-18 10:16:06.454 INFO  org.springframework.web.servlet.DispatcherServlet Line:525 - Initializing Servlet 'dispatcherServlet'
2021-06-18 10:16:06.467 INFO  org.springframework.web.servlet.DispatcherServlet Line:547 - Completed initialization in 10 ms
2021-06-18 10:16:07.347 INFO  com.zaxxer.hikari.HikariDataSource Line:110 - HikariPool-1 - Starting...
2021-06-18 10:16:07.942 INFO  com.zaxxer.hikari.HikariDataSource Line:123 - HikariPool-1 - Start completed.
2021-06-18 10:16:08.426 INFO  io.lettuce.core.EpollProvider Line:68  - Starting without optional epoll library
2021-06-18 10:16:08.428 INFO  io.lettuce.core.KqueueProvider Line:70  - Starting without optional kqueue library
2021-06-18 10:16:36.131 INFO  com.alibaba.nacos.client.config.impl.ClientWorker Line:522 - get changedGroupKeys:[]
2021-06-18 10:17:05.669 INFO  com.alibaba.nacos.client.config.impl.ClientWorker Line:522 - get changedGroupKeys:[]
2021-06-18 10:17:35.206 INFO  com.alibaba.nacos.client.config.impl.ClientWorker Line:522 - get changedGroupKeys:[]
2021-06-18 10:27:27.054 INFO  com.alibaba.nacos.client.config.impl.LocalConfigInfoProcessor Line:195 - LOCAL_SNAPSHOT_PATH:C:\Users\Re\nacos\config
2021-06-18 10:27:27.089 INFO  com.alibaba.nacos.client.config.impl.Limiter Line:53  - limitTime:5.0
2021-06-18 10:27:27.193 INFO  com.alibaba.nacos.client.config.utils.JVMUtil Line:47  - isMultiInstance:false
2021-06-18 10:27:27.248 INFO  org.springframework.cloud.bootstrap.config.PropertySourceBootstrapConfiguration Line:105 - Located property source: [BootstrapPropertySource {name='bootstrapProperties-seckill-provider-config.yaml,DEFAULT_GROUP'}, BootstrapPropertySource {name='bootstrapProperties-seckill-provider-config,DEFAULT_GROUP'}]
2021-06-18 10:27:27.258 INFO  com.re.seckillProvider.SeckillProviderApplication Line:651 - No active profile set, falling back to default profiles: default
2021-06-18 10:27:28.618 INFO  org.springframework.data.repository.config.RepositoryConfigurationDelegate Line:249 - Multiple Spring Data modules found, entering strict repository configuration mode!
2021-06-18 10:27:28.621 INFO  org.springframework.data.repository.config.RepositoryConfigurationDelegate Line:127 - Bootstrapping Spring Data Redis repositories in DEFAULT mode.
2021-06-18 10:27:28.654 INFO  org.springframework.data.repository.config.RepositoryConfigurationDelegate Line:187 - Finished Spring Data repository scanning in 15ms. Found 0 Redis repository interfaces.
2021-06-18 10:27:28.927 INFO  org.springframework.cloud.context.scope.GenericScope Line:295 - BeanFactory id=509936af-18ce-37ad-af05-6d096f35c2f1
2021-06-18 10:27:29.635 INFO  org.springframework.boot.web.embedded.tomcat.TomcatWebServer Line:92  - Tomcat initialized with port(s): 9093 (http)
2021-06-18 10:27:29.647 INFO  org.apache.catalina.core.StandardService Line:173 - Starting service [Tomcat]
2021-06-18 10:27:29.647 INFO  org.apache.catalina.core.StandardEngine Line:173 - Starting Servlet engine: [Apache Tomcat/9.0.31]
2021-06-18 10:27:29.780 INFO  org.apache.catalina.core.ContainerBase.[Tomcat].[localhost].[/] Line:173 - Initializing Spring embedded WebApplicationContext
2021-06-18 10:27:29.781 INFO  org.springframework.web.context.ContextLoader Line:284 - Root WebApplicationContext: initialization completed in 2487 ms
2021-06-18 10:27:30.427 INFO  com.alibaba.nacos.client.naming Line:56  - initializer namespace from System Property :null
2021-06-18 10:27:30.429 INFO  com.alibaba.nacos.client.naming Line:65  - initializer namespace from System Environment :null
2021-06-18 10:27:30.431 INFO  com.alibaba.nacos.client.naming Line:75  - initializer namespace from System Property :null
2021-06-18 10:27:32.223 INFO  org.springframework.boot.actuate.endpoint.web.EndpointLinksResolver Line:58  - Exposing 19 endpoint(s) beneath base path '/actuator'
2021-06-18 10:27:32.320 INFO  springfox.documentation.spring.web.PropertySourcedRequestMappingHandlerMapping Line:69  - Mapped URL path [/v2/api-docs] onto method [springfox.documentation.swagger2.web.Swagger2Controller#getDocumentation(String, HttpServletRequest)]
2021-06-18 10:27:32.344 INFO  com.netflix.config.sources.URLConfigurationSource Line:122 - To enable URLs as dynamic configuration sources, define System property archaius.configurationSource.additionalUrls or make config.properties available on classpath.
2021-06-18 10:27:32.349 INFO  com.netflix.config.sources.URLConfigurationSource Line:122 - To enable URLs as dynamic configuration sources, define System property archaius.configurationSource.additionalUrls or make config.properties available on classpath.
2021-06-18 10:27:32.506 INFO  org.springframework.scheduling.concurrent.ThreadPoolTaskExecutor Line:181 - Initializing ExecutorService 'applicationTaskExecutor'
2021-06-18 10:27:32.639 INFO  org.springframework.scheduling.concurrent.ThreadPoolTaskScheduler Line:181 - Initializing ExecutorService 'Nacso-Watch-Task-Scheduler'
2021-06-18 10:27:33.535 INFO  springfox.documentation.spring.web.plugins.DocumentationPluginsBootstrapper Line:160 - Context refreshed
2021-06-18 10:27:33.551 INFO  springfox.documentation.spring.web.plugins.DocumentationPluginsBootstrapper Line:163 - Found 1 custom documentation plugin(s)
2021-06-18 10:27:33.603 INFO  springfox.documentation.spring.web.scanners.ApiListingReferenceScanner Line:41  - Scanning for api listing references
2021-06-18 10:27:33.832 INFO  org.springframework.boot.web.embedded.tomcat.TomcatWebServer Line:204 - Tomcat started on port(s): 9093 (http) with context path ''
2021-06-18 10:27:33.837 INFO  com.alibaba.nacos.client.naming Line:66  - [BEAT] adding beat: {"cluster":"DEFAULT","ip":"172.20.89.206","metadata":{"preserved.register.source":"SPRING_CLOUD"},"period":5000,"port":9093,"scheduled":false,"serviceName":"DEFAULT_GROUP@@seckill-provider","stopped":false,"weight":1.0} to beat map.
2021-06-18 10:27:33.960 INFO  com.alibaba.nacos.client.naming Line:196 - [REGISTER-SERVICE] public registering service DEFAULT_GROUP@@seckill-provider with instance: {"clusterName":"DEFAULT","enabled":true,"ephemeral":true,"healthy":true,"instanceHeartBeatInterval":5000,"instanceHeartBeatTimeOut":15000,"ip":"172.20.89.206","ipDeleteTimeout":30000,"metadata":{"preserved.register.source":"SPRING_CLOUD"},"port":9093,"weight":1.0}
2021-06-18 10:27:34.002 INFO  com.alibaba.cloud.nacos.registry.NacosServiceRegistry Line:65  - nacos registry, DEFAULT_GROUP seckill-provider 172.20.89.206:9093 register finished
2021-06-18 10:27:34.391 INFO  com.re.seckillProvider.SeckillProviderApplication Line:61  - Started SeckillProviderApplication in 10.315 seconds (JVM running for 12.091)
2021-06-18 10:27:34.400 INFO  com.alibaba.nacos.client.config.impl.ClientWorker Line:197 - [fixed-150.158.156.214_8848] [subscribe] seckill-provider-config+DEFAULT_GROUP
2021-06-18 10:27:34.402 INFO  com.alibaba.nacos.client.config.impl.CacheData Line:92  - [fixed-150.158.156.214_8848] [add-listener] ok, tenant=, dataId=seckill-provider-config, group=DEFAULT_GROUP, cnt=1
2021-06-18 10:27:34.403 INFO  com.alibaba.nacos.client.config.impl.ClientWorker Line:197 - [fixed-150.158.156.214_8848] [subscribe] seckill-provider-config.yaml+DEFAULT_GROUP
2021-06-18 10:27:34.404 INFO  com.alibaba.nacos.client.config.impl.CacheData Line:92  - [fixed-150.158.156.214_8848] [add-listener] ok, tenant=, dataId=seckill-provider-config.yaml, group=DEFAULT_GROUP, cnt=1
2021-06-18 10:27:34.452 INFO  com.alibaba.nacos.client.config.impl.ClientWorker Line:522 - get changedGroupKeys:[]
2021-06-18 10:27:34.805 INFO  org.apache.catalina.core.ContainerBase.[Tomcat].[localhost].[/] Line:173 - Initializing Spring DispatcherServlet 'dispatcherServlet'
2021-06-18 10:27:34.805 INFO  org.springframework.web.servlet.DispatcherServlet Line:525 - Initializing Servlet 'dispatcherServlet'
2021-06-18 10:27:34.824 INFO  org.springframework.web.servlet.DispatcherServlet Line:547 - Completed initialization in 17 ms
2021-06-18 10:27:34.881 INFO  com.zaxxer.hikari.HikariDataSource Line:110 - HikariPool-1 - Starting...
2021-06-18 10:27:35.470 INFO  com.zaxxer.hikari.HikariDataSource Line:123 - HikariPool-1 - Start completed.
2021-06-18 10:27:36.035 INFO  io.lettuce.core.EpollProvider Line:68  - Starting without optional epoll library
2021-06-18 10:27:36.037 INFO  io.lettuce.core.KqueueProvider Line:70  - Starting without optional kqueue library
2021-06-18 10:28:04.152 INFO  com.alibaba.nacos.client.config.impl.ClientWorker Line:522 - get changedGroupKeys:[]
2021-06-18 10:28:33.692 INFO  com.alibaba.nacos.client.config.impl.ClientWorker Line:522 - get changedGroupKeys:[]
2021-06-18 10:29:03.228 INFO  com.alibaba.nacos.client.config.impl.ClientWorker Line:522 - get changedGroupKeys:[]
2021-06-18 10:29:32.775 INFO  com.alibaba.nacos.client.config.impl.ClientWorker Line:522 - get changedGroupKeys:[]
2021-06-18 10:30:02.314 INFO  com.alibaba.nacos.client.config.impl.ClientWorker Line:522 - get changedGroupKeys:[]
2021-06-18 10:30:31.852 INFO  com.alibaba.nacos.client.config.impl.ClientWorker Line:522 - get changedGroupKeys:[]
2021-06-18 10:31:01.387 INFO  com.alibaba.nacos.client.config.impl.ClientWorker Line:522 - get changedGroupKeys:[]
2021-06-18 10:31:30.926 INFO  com.alibaba.nacos.client.config.impl.ClientWorker Line:522 - get changedGroupKeys:[]
2021-06-18 10:32:00.463 INFO  com.alibaba.nacos.client.config.impl.ClientWorker Line:522 - get changedGroupKeys:[]
2021-06-18 10:32:29.999 INFO  com.alibaba.nacos.client.config.impl.ClientWorker Line:522 - get changedGroupKeys:[]
2021-06-18 10:32:59.536 INFO  com.alibaba.nacos.client.config.impl.ClientWorker Line:522 - get changedGroupKeys:[]
2021-06-18 10:33:29.077 INFO  com.alibaba.nacos.client.config.impl.ClientWorker Line:522 - get changedGroupKeys:[]
2021-06-18 10:33:58.613 INFO  com.alibaba.nacos.client.config.impl.ClientWorker Line:522 - get changedGroupKeys:[]
2021-06-18 10:34:28.149 INFO  com.alibaba.nacos.client.config.impl.ClientWorker Line:522 - get changedGroupKeys:[]
2021-06-18 10:34:57.685 INFO  com.alibaba.nacos.client.config.impl.ClientWorker Line:522 - get changedGroupKeys:[]
2021-06-18 10:35:27.222 INFO  com.alibaba.nacos.client.config.impl.ClientWorker Line:522 - get changedGroupKeys:[]
2021-06-18 10:35:56.763 INFO  com.alibaba.nacos.client.config.impl.ClientWorker Line:522 - get changedGroupKeys:[]
2021-06-18 10:36:26.301 INFO  com.alibaba.nacos.client.config.impl.ClientWorker Line:522 - get changedGroupKeys:[]
2021-06-18 10:36:55.843 INFO  com.alibaba.nacos.client.config.impl.ClientWorker Line:522 - get changedGroupKeys:[]
2021-06-18 10:37:25.383 INFO  com.alibaba.nacos.client.config.impl.ClientWorker Line:522 - get changedGroupKeys:[]
2021-06-18 10:37:54.918 INFO  com.alibaba.nacos.client.config.impl.ClientWorker Line:522 - get changedGroupKeys:[]
2021-06-18 10:38:24.454 INFO  com.alibaba.nacos.client.config.impl.ClientWorker Line:522 - get changedGroupKeys:[]
2021-06-18 10:38:53.992 INFO  com.alibaba.nacos.client.config.impl.ClientWorker Line:522 - get changedGroupKeys:[]
2021-06-18 10:39:23.526 INFO  com.alibaba.nacos.client.config.impl.ClientWorker Line:522 - get changedGroupKeys:[]
2021-06-18 10:39:53.063 INFO  com.alibaba.nacos.client.config.impl.ClientWorker Line:522 - get changedGroupKeys:[]
2021-06-18 10:40:22.597 INFO  com.alibaba.nacos.client.config.impl.ClientWorker Line:522 - get changedGroupKeys:[]
2021-06-18 10:40:52.131 INFO  com.alibaba.nacos.client.config.impl.ClientWorker Line:522 - get changedGroupKeys:[]
2021-06-18 10:41:21.665 INFO  com.alibaba.nacos.client.config.impl.ClientWorker Line:522 - get changedGroupKeys:[]
2021-06-18 10:41:51.200 INFO  com.alibaba.nacos.client.config.impl.ClientWorker Line:522 - get changedGroupKeys:[]
2021-06-18 10:42:20.737 INFO  com.alibaba.nacos.client.config.impl.ClientWorker Line:522 - get changedGroupKeys:[]
2021-06-18 10:42:50.272 INFO  com.alibaba.nacos.client.config.impl.ClientWorker Line:522 - get changedGroupKeys:[]
2021-06-18 10:43:19.849 INFO  com.alibaba.nacos.client.config.impl.ClientWorker Line:522 - get changedGroupKeys:[]
2021-06-18 10:43:49.384 INFO  com.alibaba.nacos.client.config.impl.ClientWorker Line:522 - get changedGroupKeys:[]
2021-06-18 10:44:18.919 INFO  com.alibaba.nacos.client.config.impl.ClientWorker Line:522 - get changedGroupKeys:[]
2021-06-18 10:44:48.458 INFO  com.alibaba.nacos.client.config.impl.ClientWorker Line:522 - get changedGroupKeys:[]
2021-06-18 10:45:17.993 INFO  com.alibaba.nacos.client.config.impl.ClientWorker Line:522 - get changedGroupKeys:[]
2021-06-18 10:45:47.528 INFO  com.alibaba.nacos.client.config.impl.ClientWorker Line:522 - get changedGroupKeys:[]
2021-06-18 10:46:17.065 INFO  com.alibaba.nacos.client.config.impl.ClientWorker Line:522 - get changedGroupKeys:[]
2021-06-18 10:46:46.611 INFO  com.alibaba.nacos.client.config.impl.ClientWorker Line:522 - get changedGroupKeys:[]
2021-06-18 10:47:16.151 INFO  com.alibaba.nacos.client.config.impl.ClientWorker Line:522 - get changedGroupKeys:[]
2021-06-18 10:47:45.694 INFO  com.alibaba.nacos.client.config.impl.ClientWorker Line:522 - get changedGroupKeys:[]
2021-06-18 10:48:15.230 INFO  com.alibaba.nacos.client.config.impl.ClientWorker Line:522 - get changedGroupKeys:[]
2021-06-18 10:48:44.767 INFO  com.alibaba.nacos.client.config.impl.ClientWorker Line:522 - get changedGroupKeys:[]
2021-06-18 10:49:14.303 INFO  com.alibaba.nacos.client.config.impl.ClientWorker Line:522 - get changedGroupKeys:[]
2021-06-18 10:49:44.707 INFO  com.alibaba.nacos.client.config.impl.LocalConfigInfoProcessor Line:195 - LOCAL_SNAPSHOT_PATH:C:\Users\Re\nacos\config
2021-06-18 10:49:44.742 INFO  com.alibaba.nacos.client.config.impl.Limiter Line:53  - limitTime:5.0
2021-06-18 10:49:44.840 INFO  com.alibaba.nacos.client.config.utils.JVMUtil Line:47  - isMultiInstance:false
2021-06-18 10:49:44.889 INFO  org.springframework.cloud.bootstrap.config.PropertySourceBootstrapConfiguration Line:105 - Located property source: [BootstrapPropertySource {name='bootstrapProperties-seckill-provider-config.yaml,DEFAULT_GROUP'}, BootstrapPropertySource {name='bootstrapProperties-seckill-provider-config,DEFAULT_GROUP'}]
2021-06-18 10:49:44.895 INFO  com.re.seckillProvider.SeckillProviderApplication Line:651 - No active profile set, falling back to default profiles: default
2021-06-18 10:49:46.233 INFO  org.springframework.data.repository.config.RepositoryConfigurationDelegate Line:249 - Multiple Spring Data modules found, entering strict repository configuration mode!
2021-06-18 10:49:46.237 INFO  org.springframework.data.repository.config.RepositoryConfigurationDelegate Line:127 - Bootstrapping Spring Data Redis repositories in DEFAULT mode.
2021-06-18 10:49:46.274 INFO  org.springframework.data.repository.config.RepositoryConfigurationDelegate Line:187 - Finished Spring Data repository scanning in 19ms. Found 0 Redis repository interfaces.
2021-06-18 10:49:46.546 INFO  org.springframework.cloud.context.scope.GenericScope Line:295 - BeanFactory id=509936af-18ce-37ad-af05-6d096f35c2f1
2021-06-18 10:49:47.246 INFO  org.springframework.boot.web.embedded.tomcat.TomcatWebServer Line:92  - Tomcat initialized with port(s): 9093 (http)
2021-06-18 10:49:47.257 INFO  org.apache.catalina.core.StandardService Line:173 - Starting service [Tomcat]
2021-06-18 10:49:47.258 INFO  org.apache.catalina.core.StandardEngine Line:173 - Starting Servlet engine: [Apache Tomcat/9.0.31]
2021-06-18 10:49:47.398 INFO  org.apache.catalina.core.ContainerBase.[Tomcat].[localhost].[/] Line:173 - Initializing Spring embedded WebApplicationContext
2021-06-18 10:49:47.398 INFO  org.springframework.web.context.ContextLoader Line:284 - Root WebApplicationContext: initialization completed in 2479 ms
2021-06-18 10:49:48.080 INFO  com.alibaba.nacos.client.naming Line:56  - initializer namespace from System Property :null
2021-06-18 10:49:48.082 INFO  com.alibaba.nacos.client.naming Line:65  - initializer namespace from System Environment :null
2021-06-18 10:49:48.083 INFO  com.alibaba.nacos.client.naming Line:75  - initializer namespace from System Property :null
2021-06-18 10:49:49.939 INFO  org.springframework.boot.actuate.endpoint.web.EndpointLinksResolver Line:58  - Exposing 19 endpoint(s) beneath base path '/actuator'
2021-06-18 10:49:50.036 INFO  springfox.documentation.spring.web.PropertySourcedRequestMappingHandlerMapping Line:69  - Mapped URL path [/v2/api-docs] onto method [springfox.documentation.swagger2.web.Swagger2Controller#getDocumentation(String, HttpServletRequest)]
2021-06-18 10:49:50.065 INFO  com.netflix.config.sources.URLConfigurationSource Line:122 - To enable URLs as dynamic configuration sources, define System property archaius.configurationSource.additionalUrls or make config.properties available on classpath.
2021-06-18 10:49:50.071 INFO  com.netflix.config.sources.URLConfigurationSource Line:122 - To enable URLs as dynamic configuration sources, define System property archaius.configurationSource.additionalUrls or make config.properties available on classpath.
2021-06-18 10:49:50.228 INFO  org.springframework.scheduling.concurrent.ThreadPoolTaskExecutor Line:181 - Initializing ExecutorService 'applicationTaskExecutor'
2021-06-18 10:49:50.364 INFO  org.springframework.scheduling.concurrent.ThreadPoolTaskScheduler Line:181 - Initializing ExecutorService 'Nacso-Watch-Task-Scheduler'
2021-06-18 10:49:51.399 INFO  springfox.documentation.spring.web.plugins.DocumentationPluginsBootstrapper Line:160 - Context refreshed
2021-06-18 10:49:51.420 INFO  springfox.documentation.spring.web.plugins.DocumentationPluginsBootstrapper Line:163 - Found 1 custom documentation plugin(s)
2021-06-18 10:49:51.494 INFO  springfox.documentation.spring.web.scanners.ApiListingReferenceScanner Line:41  - Scanning for api listing references
2021-06-18 10:49:51.764 INFO  org.springframework.boot.web.embedded.tomcat.TomcatWebServer Line:204 - Tomcat started on port(s): 9093 (http) with context path ''
2021-06-18 10:49:51.770 INFO  com.alibaba.nacos.client.naming Line:66  - [BEAT] adding beat: {"cluster":"DEFAULT","ip":"172.20.89.206","metadata":{"preserved.register.source":"SPRING_CLOUD"},"period":5000,"port":9093,"scheduled":false,"serviceName":"DEFAULT_GROUP@@seckill-provider","stopped":false,"weight":1.0} to beat map.
2021-06-18 10:49:51.915 INFO  com.alibaba.nacos.client.naming Line:196 - [REGISTER-SERVICE] public registering service DEFAULT_GROUP@@seckill-provider with instance: {"clusterName":"DEFAULT","enabled":true,"ephemeral":true,"healthy":true,"instanceHeartBeatInterval":5000,"instanceHeartBeatTimeOut":15000,"ip":"172.20.89.206","ipDeleteTimeout":30000,"metadata":{"preserved.register.source":"SPRING_CLOUD"},"port":9093,"weight":1.0}
2021-06-18 10:49:51.959 INFO  com.alibaba.cloud.nacos.registry.NacosServiceRegistry Line:65  - nacos registry, DEFAULT_GROUP seckill-provider 172.20.89.206:9093 register finished
2021-06-18 10:49:52.433 INFO  com.re.seckillProvider.SeckillProviderApplication Line:61  - Started SeckillProviderApplication in 10.443 seconds (JVM running for 12.006)
2021-06-18 10:49:52.444 INFO  com.alibaba.nacos.client.config.impl.ClientWorker Line:197 - [fixed-150.158.156.214_8848] [subscribe] seckill-provider-config+DEFAULT_GROUP
2021-06-18 10:49:52.447 INFO  com.alibaba.nacos.client.config.impl.CacheData Line:92  - [fixed-150.158.156.214_8848] [add-listener] ok, tenant=, dataId=seckill-provider-config, group=DEFAULT_GROUP, cnt=1
2021-06-18 10:49:52.449 INFO  com.alibaba.nacos.client.config.impl.ClientWorker Line:197 - [fixed-150.158.156.214_8848] [subscribe] seckill-provider-config.yaml+DEFAULT_GROUP
2021-06-18 10:49:52.450 INFO  com.alibaba.nacos.client.config.impl.CacheData Line:92  - [fixed-150.158.156.214_8848] [add-listener] ok, tenant=, dataId=seckill-provider-config.yaml, group=DEFAULT_GROUP, cnt=1
2021-06-18 10:49:52.486 INFO  com.alibaba.nacos.client.config.impl.ClientWorker Line:522 - get changedGroupKeys:[]
2021-06-18 10:49:52.522 INFO  com.alibaba.nacos.client.config.impl.ClientWorker Line:522 - get changedGroupKeys:[]
2021-06-18 10:49:52.746 INFO  org.apache.catalina.core.ContainerBase.[Tomcat].[localhost].[/] Line:173 - Initializing Spring DispatcherServlet 'dispatcherServlet'
2021-06-18 10:49:52.747 INFO  org.springframework.web.servlet.DispatcherServlet Line:525 - Initializing Servlet 'dispatcherServlet'
2021-06-18 10:49:52.766 INFO  org.springframework.web.servlet.DispatcherServlet Line:547 - Completed initialization in 18 ms
2021-06-18 10:49:53.997 INFO  com.zaxxer.hikari.HikariDataSource Line:110 - HikariPool-1 - Starting...
2021-06-18 10:49:54.539 INFO  com.zaxxer.hikari.HikariDataSource Line:123 - HikariPool-1 - Start completed.
2021-06-18 10:49:55.053 INFO  io.lettuce.core.EpollProvider Line:68  - Starting without optional epoll library
2021-06-18 10:49:55.058 INFO  io.lettuce.core.KqueueProvider Line:70  - Starting without optional kqueue library
2021-06-18 10:50:22.255 INFO  com.alibaba.nacos.client.config.impl.ClientWorker Line:522 - get changedGroupKeys:[]
2021-06-18 10:50:51.794 INFO  com.alibaba.nacos.client.config.impl.ClientWorker Line:522 - get changedGroupKeys:[]
2021-06-18 10:51:21.333 INFO  com.alibaba.nacos.client.config.impl.ClientWorker Line:522 - get changedGroupKeys:[]
2021-06-18 10:51:50.876 INFO  com.alibaba.nacos.client.config.impl.ClientWorker Line:522 - get changedGroupKeys:[]
2021-06-18 10:52:20.412 INFO  com.alibaba.nacos.client.config.impl.ClientWorker Line:522 - get changedGroupKeys:[]
2021-06-18 10:52:49.949 INFO  com.alibaba.nacos.client.config.impl.ClientWorker Line:522 - get changedGroupKeys:[]
2021-06-18 10:53:19.485 INFO  com.alibaba.nacos.client.config.impl.ClientWorker Line:522 - get changedGroupKeys:[]
2021-06-18 10:53:49.024 INFO  com.alibaba.nacos.client.config.impl.ClientWorker Line:522 - get changedGroupKeys:[]
2021-06-18 10:54:18.562 INFO  com.alibaba.nacos.client.config.impl.ClientWorker Line:522 - get changedGroupKeys:[]
2021-06-18 10:54:48.098 INFO  com.alibaba.nacos.client.config.impl.ClientWorker Line:522 - get changedGroupKeys:[]
2021-06-18 10:55:17.658 INFO  com.alibaba.nacos.client.config.impl.ClientWorker Line:522 - get changedGroupKeys:[]
2021-06-18 10:55:47.198 INFO  com.alibaba.nacos.client.config.impl.ClientWorker Line:522 - get changedGroupKeys:[]
2021-06-18 10:56:16.737 INFO  com.alibaba.nacos.client.config.impl.ClientWorker Line:522 - get changedGroupKeys:[]
2021-06-18 10:56:48.883 INFO  com.alibaba.nacos.client.config.impl.LocalConfigInfoProcessor Line:195 - LOCAL_SNAPSHOT_PATH:C:\Users\Re\nacos\config
2021-06-18 10:56:48.919 INFO  com.alibaba.nacos.client.config.impl.Limiter Line:53  - limitTime:5.0
2021-06-18 10:56:49.029 INFO  com.alibaba.nacos.client.config.utils.JVMUtil Line:47  - isMultiInstance:false
2021-06-18 10:56:49.093 INFO  org.springframework.cloud.bootstrap.config.PropertySourceBootstrapConfiguration Line:105 - Located property source: [BootstrapPropertySource {name='bootstrapProperties-seckill-provider-config.yaml,DEFAULT_GROUP'}, BootstrapPropertySource {name='bootstrapProperties-seckill-provider-config,DEFAULT_GROUP'}]
2021-06-18 10:56:49.101 INFO  com.re.seckillProvider.SeckillProviderApplication Line:651 - No active profile set, falling back to default profiles: default
2021-06-18 10:56:50.422 INFO  org.springframework.data.repository.config.RepositoryConfigurationDelegate Line:249 - Multiple Spring Data modules found, entering strict repository configuration mode!
2021-06-18 10:56:50.425 INFO  org.springframework.data.repository.config.RepositoryConfigurationDelegate Line:127 - Bootstrapping Spring Data Redis repositories in DEFAULT mode.
2021-06-18 10:56:50.454 INFO  org.springframework.data.repository.config.RepositoryConfigurationDelegate Line:187 - Finished Spring Data repository scanning in 15ms. Found 0 Redis repository interfaces.
2021-06-18 10:56:50.721 INFO  org.springframework.cloud.context.scope.GenericScope Line:295 - BeanFactory id=509936af-18ce-37ad-af05-6d096f35c2f1
2021-06-18 10:56:51.449 INFO  org.springframework.boot.web.embedded.tomcat.TomcatWebServer Line:92  - Tomcat initialized with port(s): 9093 (http)
2021-06-18 10:56:51.462 INFO  org.apache.catalina.core.StandardService Line:173 - Starting service [Tomcat]
2021-06-18 10:56:51.463 INFO  org.apache.catalina.core.StandardEngine Line:173 - Starting Servlet engine: [Apache Tomcat/9.0.31]
2021-06-18 10:56:51.597 INFO  org.apache.catalina.core.ContainerBase.[Tomcat].[localhost].[/] Line:173 - Initializing Spring embedded WebApplicationContext
2021-06-18 10:56:51.600 INFO  org.springframework.web.context.ContextLoader Line:284 - Root WebApplicationContext: initialization completed in 2468 ms
2021-06-18 10:56:52.283 INFO  com.alibaba.nacos.client.naming Line:56  - initializer namespace from System Property :null
2021-06-18 10:56:52.285 INFO  com.alibaba.nacos.client.naming Line:65  - initializer namespace from System Environment :null
2021-06-18 10:56:52.287 INFO  com.alibaba.nacos.client.naming Line:75  - initializer namespace from System Property :null
2021-06-18 10:56:54.128 INFO  org.springframework.boot.actuate.endpoint.web.EndpointLinksResolver Line:58  - Exposing 19 endpoint(s) beneath base path '/actuator'
2021-06-18 10:56:54.225 INFO  springfox.documentation.spring.web.PropertySourcedRequestMappingHandlerMapping Line:69  - Mapped URL path [/v2/api-docs] onto method [springfox.documentation.swagger2.web.Swagger2Controller#getDocumentation(String, HttpServletRequest)]
2021-06-18 10:56:54.250 INFO  com.netflix.config.sources.URLConfigurationSource Line:122 - To enable URLs as dynamic configuration sources, define System property archaius.configurationSource.additionalUrls or make config.properties available on classpath.
2021-06-18 10:56:54.255 INFO  com.netflix.config.sources.URLConfigurationSource Line:122 - To enable URLs as dynamic configuration sources, define System property archaius.configurationSource.additionalUrls or make config.properties available on classpath.
2021-06-18 10:56:54.421 INFO  org.springframework.scheduling.concurrent.ThreadPoolTaskExecutor Line:181 - Initializing ExecutorService 'applicationTaskExecutor'
2021-06-18 10:56:54.561 INFO  org.springframework.scheduling.concurrent.ThreadPoolTaskScheduler Line:181 - Initializing ExecutorService 'Nacso-Watch-Task-Scheduler'
2021-06-18 10:56:55.431 INFO  springfox.documentation.spring.web.plugins.DocumentationPluginsBootstrapper Line:160 - Context refreshed
2021-06-18 10:56:55.448 INFO  springfox.documentation.spring.web.plugins.DocumentationPluginsBootstrapper Line:163 - Found 1 custom documentation plugin(s)
2021-06-18 10:56:55.504 INFO  springfox.documentation.spring.web.scanners.ApiListingReferenceScanner Line:41  - Scanning for api listing references
2021-06-18 10:56:55.717 INFO  org.springframework.boot.web.embedded.tomcat.TomcatWebServer Line:204 - Tomcat started on port(s): 9093 (http) with context path ''
2021-06-18 10:56:55.723 INFO  com.alibaba.nacos.client.naming Line:66  - [BEAT] adding beat: {"cluster":"DEFAULT","ip":"172.20.89.206","metadata":{"preserved.register.source":"SPRING_CLOUD"},"period":5000,"port":9093,"scheduled":false,"serviceName":"DEFAULT_GROUP@@seckill-provider","stopped":false,"weight":1.0} to beat map.
2021-06-18 10:56:55.824 INFO  com.alibaba.nacos.client.naming Line:196 - [REGISTER-SERVICE] public registering service DEFAULT_GROUP@@seckill-provider with instance: {"clusterName":"DEFAULT","enabled":true,"ephemeral":true,"healthy":true,"instanceHeartBeatInterval":5000,"instanceHeartBeatTimeOut":15000,"ip":"172.20.89.206","ipDeleteTimeout":30000,"metadata":{"preserved.register.source":"SPRING_CLOUD"},"port":9093,"weight":1.0}
2021-06-18 10:56:55.870 INFO  com.alibaba.cloud.nacos.registry.NacosServiceRegistry Line:65  - nacos registry, DEFAULT_GROUP seckill-provider 172.20.89.206:9093 register finished
2021-06-18 10:56:56.302 INFO  com.re.seckillProvider.SeckillProviderApplication Line:61  - Started SeckillProviderApplication in 10.2 seconds (JVM running for 11.705)
2021-06-18 10:56:56.311 INFO  com.alibaba.nacos.client.config.impl.ClientWorker Line:197 - [fixed-150.158.156.214_8848] [subscribe] seckill-provider-config+DEFAULT_GROUP
2021-06-18 10:56:56.315 INFO  com.alibaba.nacos.client.config.impl.CacheData Line:92  - [fixed-150.158.156.214_8848] [add-listener] ok, tenant=, dataId=seckill-provider-config, group=DEFAULT_GROUP, cnt=1
2021-06-18 10:56:56.317 INFO  com.alibaba.nacos.client.config.impl.ClientWorker Line:197 - [fixed-150.158.156.214_8848] [subscribe] seckill-provider-config.yaml+DEFAULT_GROUP
2021-06-18 10:56:56.317 INFO  com.alibaba.nacos.client.config.impl.CacheData Line:92  - [fixed-150.158.156.214_8848] [add-listener] ok, tenant=, dataId=seckill-provider-config.yaml, group=DEFAULT_GROUP, cnt=1
2021-06-18 10:56:56.351 INFO  com.alibaba.nacos.client.config.impl.ClientWorker Line:522 - get changedGroupKeys:[]
2021-06-18 10:56:56.388 INFO  com.alibaba.nacos.client.config.impl.ClientWorker Line:522 - get changedGroupKeys:[]
2021-06-18 10:56:57.174 INFO  org.apache.catalina.core.ContainerBase.[Tomcat].[localhost].[/] Line:173 - Initializing Spring DispatcherServlet 'dispatcherServlet'
2021-06-18 10:56:57.175 INFO  org.springframework.web.servlet.DispatcherServlet Line:525 - Initializing Servlet 'dispatcherServlet'
2021-06-18 10:56:57.243 INFO  org.springframework.web.servlet.DispatcherServlet Line:547 - Completed initialization in 67 ms
2021-06-18 10:56:57.474 INFO  com.zaxxer.hikari.HikariDataSource Line:110 - HikariPool-1 - Starting...
2021-06-18 10:56:58.296 INFO  com.zaxxer.hikari.HikariDataSource Line:123 - HikariPool-1 - Start completed.
2021-06-18 10:56:58.813 INFO  io.lettuce.core.EpollProvider Line:68  - Starting without optional epoll library
2021-06-18 10:56:58.816 INFO  io.lettuce.core.KqueueProvider Line:70  - Starting without optional kqueue library
2021-06-18 10:57:26.092 INFO  com.alibaba.nacos.client.config.impl.ClientWorker Line:522 - get changedGroupKeys:[]
2021-06-18 10:57:55.631 INFO  com.alibaba.nacos.client.config.impl.ClientWorker Line:522 - get changedGroupKeys:[]
2021-06-18 10:58:25.171 INFO  com.alibaba.nacos.client.config.impl.ClientWorker Line:522 - get changedGroupKeys:[]
2021-06-18 10:58:54.710 INFO  com.alibaba.nacos.client.config.impl.ClientWorker Line:522 - get changedGroupKeys:[]
2021-06-18 10:59:24.248 INFO  com.alibaba.nacos.client.config.impl.ClientWorker Line:522 - get changedGroupKeys:[]
2021-06-18 10:59:53.788 INFO  com.alibaba.nacos.client.config.impl.ClientWorker Line:522 - get changedGroupKeys:[]
2021-06-18 11:00:23.329 INFO  com.alibaba.nacos.client.config.impl.ClientWorker Line:522 - get changedGroupKeys:[]
2021-06-18 11:00:52.865 INFO  com.alibaba.nacos.client.config.impl.ClientWorker Line:522 - get changedGroupKeys:[]
2021-06-18 11:01:22.406 INFO  com.alibaba.nacos.client.config.impl.ClientWorker Line:522 - get changedGroupKeys:[]
2021-06-18 11:01:51.943 INFO  com.alibaba.nacos.client.config.impl.ClientWorker Line:522 - get changedGroupKeys:[]
2021-06-18 11:02:21.484 INFO  com.alibaba.nacos.client.config.impl.ClientWorker Line:522 - get changedGroupKeys:[]
2021-06-18 11:02:51.021 INFO  com.alibaba.nacos.client.config.impl.ClientWorker Line:522 - get changedGroupKeys:[]
2021-06-18 11:03:20.556 INFO  com.alibaba.nacos.client.config.impl.ClientWorker Line:522 - get changedGroupKeys:[]
2021-06-18 11:03:50.093 INFO  com.alibaba.nacos.client.config.impl.ClientWorker Line:522 - get changedGroupKeys:[]
2021-06-18 11:04:19.630 INFO  com.alibaba.nacos.client.config.impl.ClientWorker Line:522 - get changedGroupKeys:[]
2021-06-18 11:04:49.168 INFO  com.alibaba.nacos.client.config.impl.ClientWorker Line:522 - get changedGroupKeys:[]
2021-06-18 11:05:18.708 INFO  com.alibaba.nacos.client.config.impl.ClientWorker Line:522 - get changedGroupKeys:[]
2021-06-18 11:05:48.247 INFO  com.alibaba.nacos.client.config.impl.ClientWorker Line:522 - get changedGroupKeys:[]
2021-06-18 11:06:17.783 INFO  com.alibaba.nacos.client.config.impl.ClientWorker Line:522 - get changedGroupKeys:[]
2021-06-18 11:06:47.319 INFO  com.alibaba.nacos.client.config.impl.ClientWorker Line:522 - get changedGroupKeys:[]
2021-06-18 11:07:16.856 INFO  com.alibaba.nacos.client.config.impl.ClientWorker Line:522 - get changedGroupKeys:[]
2021-06-18 11:07:46.399 INFO  com.alibaba.nacos.client.config.impl.ClientWorker Line:522 - get changedGroupKeys:[]
2021-06-18 11:08:15.937 INFO  com.alibaba.nacos.client.config.impl.ClientWorker Line:522 - get changedGroupKeys:[]
2021-06-18 11:08:45.474 INFO  com.alibaba.nacos.client.config.impl.ClientWorker Line:522 - get changedGroupKeys:[]
2021-06-18 11:09:15.014 INFO  com.alibaba.nacos.client.config.impl.ClientWorker Line:522 - get changedGroupKeys:[]
2021-06-18 11:09:44.552 INFO  com.alibaba.nacos.client.config.impl.ClientWorker Line:522 - get changedGroupKeys:[]
2021-06-18 11:10:14.090 INFO  com.alibaba.nacos.client.config.impl.ClientWorker Line:522 - get changedGroupKeys:[]
2021-06-18 11:10:43.629 INFO  com.alibaba.nacos.client.config.impl.ClientWorker Line:522 - get changedGroupKeys:[]
2021-06-18 11:11:13.166 INFO  com.alibaba.nacos.client.config.impl.ClientWorker Line:522 - get changedGroupKeys:[]
2021-06-18 11:11:42.706 INFO  com.alibaba.nacos.client.config.impl.ClientWorker Line:522 - get changedGroupKeys:[]
2021-06-18 11:12:12.244 INFO  com.alibaba.nacos.client.config.impl.ClientWorker Line:522 - get changedGroupKeys:[]
2021-06-18 11:12:41.784 INFO  com.alibaba.nacos.client.config.impl.ClientWorker Line:522 - get changedGroupKeys:[]
2021-06-18 11:13:11.324 INFO  com.alibaba.nacos.client.config.impl.ClientWorker Line:522 - get changedGroupKeys:[]
2021-06-18 11:13:40.865 INFO  com.alibaba.nacos.client.config.impl.ClientWorker Line:522 - get changedGroupKeys:[]
2021-06-18 11:14:10.404 INFO  com.alibaba.nacos.client.config.impl.ClientWorker Line:522 - get changedGroupKeys:[]
2021-06-18 11:14:39.941 INFO  com.alibaba.nacos.client.config.impl.ClientWorker Line:522 - get changedGroupKeys:[]
2021-06-18 11:15:09.481 INFO  com.alibaba.nacos.client.config.impl.ClientWorker Line:522 - get changedGroupKeys:[]
2021-06-18 11:15:39.022 INFO  com.alibaba.nacos.client.config.impl.ClientWorker Line:522 - get changedGroupKeys:[]
2021-06-18 11:16:08.558 INFO  com.alibaba.nacos.client.config.impl.ClientWorker Line:522 - get changedGroupKeys:[]
2021-06-18 11:16:38.097 INFO  com.alibaba.nacos.client.config.impl.ClientWorker Line:522 - get changedGroupKeys:[]
2021-06-18 11:17:07.633 INFO  com.alibaba.nacos.client.config.impl.ClientWorker Line:522 - get changedGroupKeys:[]
2021-06-18 11:17:37.170 INFO  com.alibaba.nacos.client.config.impl.ClientWorker Line:522 - get changedGroupKeys:[]
2021-06-18 11:18:06.706 INFO  com.alibaba.nacos.client.config.impl.ClientWorker Line:522 - get changedGroupKeys:[]
2021-06-18 11:18:36.244 INFO  com.alibaba.nacos.client.config.impl.ClientWorker Line:522 - get changedGroupKeys:[]
2021-06-18 11:19:05.783 INFO  com.alibaba.nacos.client.config.impl.ClientWorker Line:522 - get changedGroupKeys:[]
2021-06-18 11:19:35.324 INFO  com.alibaba.nacos.client.config.impl.ClientWorker Line:522 - get changedGroupKeys:[]
2021-06-18 11:20:04.865 INFO  com.alibaba.nacos.client.config.impl.ClientWorker Line:522 - get changedGroupKeys:[]
2021-06-18 11:20:34.400 INFO  com.alibaba.nacos.client.config.impl.ClientWorker Line:522 - get changedGroupKeys:[]
2021-06-18 11:21:04.195 INFO  com.alibaba.nacos.client.config.impl.ClientWorker Line:522 - get changedGroupKeys:[]
2021-06-18 11:21:33.731 INFO  com.alibaba.nacos.client.config.impl.ClientWorker Line:522 - get changedGroupKeys:[]
2021-06-18 11:22:03.271 INFO  com.alibaba.nacos.client.config.impl.ClientWorker Line:522 - get changedGroupKeys:[]
2021-06-18 11:22:32.807 INFO  com.alibaba.nacos.client.config.impl.ClientWorker Line:522 - get changedGroupKeys:[]
2021-06-18 11:23:02.345 INFO  com.alibaba.nacos.client.config.impl.ClientWorker Line:522 - get changedGroupKeys:[]
2021-06-18 11:23:31.881 INFO  com.alibaba.nacos.client.config.impl.ClientWorker Line:522 - get changedGroupKeys:[]
2021-06-18 11:24:01.416 INFO  com.alibaba.nacos.client.config.impl.ClientWorker Line:522 - get changedGroupKeys:[]
2021-06-18 11:24:30.955 INFO  com.alibaba.nacos.client.config.impl.ClientWorker Line:522 - get changedGroupKeys:[]
2021-06-18 11:25:00.492 INFO  com.alibaba.nacos.client.config.impl.ClientWorker Line:522 - get changedGroupKeys:[]
2021-06-18 11:25:30.030 INFO  com.alibaba.nacos.client.config.impl.ClientWorker Line:522 - get changedGroupKeys:[]
2021-06-18 11:25:59.568 INFO  com.alibaba.nacos.client.config.impl.ClientWorker Line:522 - get changedGroupKeys:[]
2021-06-18 11:26:29.104 INFO  com.alibaba.nacos.client.config.impl.ClientWorker Line:522 - get changedGroupKeys:[]
2021-06-18 11:26:58.641 INFO  com.alibaba.nacos.client.config.impl.ClientWorker Line:522 - get changedGroupKeys:[]
2021-06-18 11:27:28.181 INFO  com.alibaba.nacos.client.config.impl.ClientWorker Line:522 - get changedGroupKeys:[]
2021-06-18 11:27:57.726 INFO  com.alibaba.nacos.client.config.impl.ClientWorker Line:522 - get changedGroupKeys:[]
2021-06-18 11:28:27.265 INFO  com.alibaba.nacos.client.config.impl.ClientWorker Line:522 - get changedGroupKeys:[]
2021-06-18 11:28:56.806 INFO  com.alibaba.nacos.client.config.impl.ClientWorker Line:522 - get changedGroupKeys:[]
2021-06-18 11:29:26.343 INFO  com.alibaba.nacos.client.config.impl.ClientWorker Line:522 - get changedGroupKeys:[]
2021-06-18 11:29:55.882 INFO  com.alibaba.nacos.client.config.impl.ClientWorker Line:522 - get changedGroupKeys:[]
2021-06-18 11:30:25.420 INFO  com.alibaba.nacos.client.config.impl.ClientWorker Line:522 - get changedGroupKeys:[]
2021-06-18 11:30:54.959 INFO  com.alibaba.nacos.client.config.impl.ClientWorker Line:522 - get changedGroupKeys:[]
2021-06-18 11:31:24.499 INFO  com.alibaba.nacos.client.config.impl.ClientWorker Line:522 - get changedGroupKeys:[]
2021-06-18 11:31:54.036 INFO  com.alibaba.nacos.client.config.impl.ClientWorker Line:522 - get changedGroupKeys:[]
2021-06-18 11:32:23.573 INFO  com.alibaba.nacos.client.config.impl.ClientWorker Line:522 - get changedGroupKeys:[]
2021-06-18 11:32:53.112 INFO  com.alibaba.nacos.client.config.impl.ClientWorker Line:522 - get changedGroupKeys:[]
2021-06-18 11:33:22.652 INFO  com.alibaba.nacos.client.config.impl.ClientWorker Line:522 - get changedGroupKeys:[]
2021-06-18 11:33:52.209 INFO  com.alibaba.nacos.client.config.impl.ClientWorker Line:522 - get changedGroupKeys:[]
2021-06-18 11:34:21.763 INFO  com.alibaba.nacos.client.config.impl.ClientWorker Line:522 - get changedGroupKeys:[]
2021-06-18 11:34:51.301 INFO  com.alibaba.nacos.client.config.impl.ClientWorker Line:522 - get changedGroupKeys:[]
2021-06-18 11:35:20.837 INFO  com.alibaba.nacos.client.config.impl.ClientWorker Line:522 - get changedGroupKeys:[]
2021-06-18 11:35:50.373 INFO  com.alibaba.nacos.client.config.impl.ClientWorker Line:522 - get changedGroupKeys:[]
2021-06-18 11:36:19.914 INFO  com.alibaba.nacos.client.config.impl.ClientWorker Line:522 - get changedGroupKeys:[]
2021-06-18 11:36:49.452 INFO  com.alibaba.nacos.client.config.impl.ClientWorker Line:522 - get changedGroupKeys:[]
2021-06-18 11:37:18.988 INFO  com.alibaba.nacos.client.config.impl.ClientWorker Line:522 - get changedGroupKeys:[]
2021-06-18 11:37:48.528 INFO  com.alibaba.nacos.client.config.impl.ClientWorker Line:522 - get changedGroupKeys:[]
2021-06-18 11:38:18.066 INFO  com.alibaba.nacos.client.config.impl.ClientWorker Line:522 - get changedGroupKeys:[]
2021-06-18 11:38:47.605 INFO  com.alibaba.nacos.client.config.impl.ClientWorker Line:522 - get changedGroupKeys:[]
2021-06-18 11:39:17.145 INFO  com.alibaba.nacos.client.config.impl.ClientWorker Line:522 - get changedGroupKeys:[]
2021-06-18 11:39:46.680 INFO  com.alibaba.nacos.client.config.impl.ClientWorker Line:522 - get changedGroupKeys:[]
2021-06-18 11:40:16.216 INFO  com.alibaba.nacos.client.config.impl.ClientWorker Line:522 - get changedGroupKeys:[]
2021-06-18 11:40:45.756 INFO  com.alibaba.nacos.client.config.impl.ClientWorker Line:522 - get changedGroupKeys:[]
2021-06-18 11:41:15.298 INFO  com.alibaba.nacos.client.config.impl.ClientWorker Line:522 - get changedGroupKeys:[]
2021-06-18 11:41:44.834 INFO  com.alibaba.nacos.client.config.impl.ClientWorker Line:522 - get changedGroupKeys:[]
2021-06-18 11:42:14.371 INFO  com.alibaba.nacos.client.config.impl.ClientWorker Line:522 - get changedGroupKeys:[]
2021-06-18 11:42:43.907 INFO  com.alibaba.nacos.client.config.impl.ClientWorker Line:522 - get changedGroupKeys:[]
2021-06-18 11:43:13.442 INFO  com.alibaba.nacos.client.config.impl.ClientWorker Line:522 - get changedGroupKeys:[]
2021-06-18 11:43:42.979 INFO  com.alibaba.nacos.client.config.impl.ClientWorker Line:522 - get changedGroupKeys:[]
2021-06-18 11:44:12.515 INFO  com.alibaba.nacos.client.config.impl.ClientWorker Line:522 - get changedGroupKeys:[]
2021-06-18 11:44:42.191 INFO  com.alibaba.nacos.client.config.impl.ClientWorker Line:522 - get changedGroupKeys:[]
2021-06-18 11:45:11.726 INFO  com.alibaba.nacos.client.config.impl.ClientWorker Line:522 - get changedGroupKeys:[]
2021-06-18 11:45:41.263 INFO  com.alibaba.nacos.client.config.impl.ClientWorker Line:522 - get changedGroupKeys:[]
2021-06-18 11:46:10.798 INFO  com.alibaba.nacos.client.config.impl.ClientWorker Line:522 - get changedGroupKeys:[]
2021-06-18 11:46:40.333 INFO  com.alibaba.nacos.client.config.impl.ClientWorker Line:522 - get changedGroupKeys:[]
2021-06-18 11:47:09.868 INFO  com.alibaba.nacos.client.config.impl.ClientWorker Line:522 - get changedGroupKeys:[]
2021-06-18 11:47:39.412 INFO  com.alibaba.nacos.client.config.impl.ClientWorker Line:522 - get changedGroupKeys:[]
2021-06-18 11:48:08.954 INFO  com.alibaba.nacos.client.config.impl.ClientWorker Line:522 - get changedGroupKeys:[]
2021-06-18 11:48:38.489 INFO  com.alibaba.nacos.client.config.impl.ClientWorker Line:522 - get changedGroupKeys:[]
2021-06-18 11:49:08.026 INFO  com.alibaba.nacos.client.config.impl.ClientWorker Line:522 - get changedGroupKeys:[]
2021-06-18 11:49:37.562 INFO  com.alibaba.nacos.client.config.impl.ClientWorker Line:522 - get changedGroupKeys:[]
2021-06-18 11:50:07.097 INFO  com.alibaba.nacos.client.config.impl.ClientWorker Line:522 - get changedGroupKeys:[]
2021-06-18 11:50:36.634 INFO  com.alibaba.nacos.client.config.impl.ClientWorker Line:522 - get changedGroupKeys:[]
2021-06-18 11:51:06.178 INFO  com.alibaba.nacos.client.config.impl.ClientWorker Line:522 - get changedGroupKeys:[]
2021-06-18 11:51:35.713 INFO  com.alibaba.nacos.client.config.impl.ClientWorker Line:522 - get changedGroupKeys:[]
2021-06-18 11:52:05.248 INFO  com.alibaba.nacos.client.config.impl.ClientWorker Line:522 - get changedGroupKeys:[]
2021-06-18 11:52:34.782 INFO  com.alibaba.nacos.client.config.impl.ClientWorker Line:522 - get changedGroupKeys:[]
2021-06-18 11:53:04.319 INFO  com.alibaba.nacos.client.config.impl.ClientWorker Line:522 - get changedGroupKeys:[]
2021-06-18 11:53:33.855 INFO  com.alibaba.nacos.client.config.impl.ClientWorker Line:522 - get changedGroupKeys:[]
2021-06-18 11:54:03.389 INFO  com.alibaba.nacos.client.config.impl.ClientWorker Line:522 - get changedGroupKeys:[]
2021-06-18 11:54:32.926 INFO  com.alibaba.nacos.client.config.impl.ClientWorker Line:522 - get changedGroupKeys:[]
2021-06-18 11:55:02.464 INFO  com.alibaba.nacos.client.config.impl.ClientWorker Line:522 - get changedGroupKeys:[]
2021-06-18 11:55:31.999 INFO  com.alibaba.nacos.client.config.impl.ClientWorker Line:522 - get changedGroupKeys:[]
2021-06-18 11:56:01.534 INFO  com.alibaba.nacos.client.config.impl.ClientWorker Line:522 - get changedGroupKeys:[]
2021-06-18 11:56:31.069 INFO  com.alibaba.nacos.client.config.impl.ClientWorker Line:522 - get changedGroupKeys:[]
2021-06-18 11:57:00.603 INFO  com.alibaba.nacos.client.config.impl.ClientWorker Line:522 - get changedGroupKeys:[]
2021-06-18 11:57:30.143 INFO  com.alibaba.nacos.client.config.impl.ClientWorker Line:522 - get changedGroupKeys:[]
2021-06-18 11:57:59.678 INFO  com.alibaba.nacos.client.config.impl.ClientWorker Line:522 - get changedGroupKeys:[]
2021-06-18 11:58:29.215 INFO  com.alibaba.nacos.client.config.impl.ClientWorker Line:522 - get changedGroupKeys:[]
2021-06-18 11:58:58.753 INFO  com.alibaba.nacos.client.config.impl.ClientWorker Line:522 - get changedGroupKeys:[]
2021-06-18 11:59:28.289 INFO  com.alibaba.nacos.client.config.impl.ClientWorker Line:522 - get changedGroupKeys:[]
2021-06-18 11:59:57.826 INFO  com.alibaba.nacos.client.config.impl.ClientWorker Line:522 - get changedGroupKeys:[]
2021-06-18 12:00:27.362 INFO  com.alibaba.nacos.client.config.impl.ClientWorker Line:522 - get changedGroupKeys:[]
2021-06-18 12:00:56.898 INFO  com.alibaba.nacos.client.config.impl.ClientWorker Line:522 - get changedGroupKeys:[]
2021-06-18 12:01:26.435 INFO  com.alibaba.nacos.client.config.impl.ClientWorker Line:522 - get changedGroupKeys:[]
2021-06-18 12:01:55.973 INFO  com.alibaba.nacos.client.config.impl.ClientWorker Line:522 - get changedGroupKeys:[]
2021-06-18 12:02:25.510 INFO  com.alibaba.nacos.client.config.impl.ClientWorker Line:522 - get changedGroupKeys:[]
2021-06-18 12:02:55.046 INFO  com.alibaba.nacos.client.config.impl.ClientWorker Line:522 - get changedGroupKeys:[]
2021-06-18 12:03:24.580 INFO  com.alibaba.nacos.client.config.impl.ClientWorker Line:522 - get changedGroupKeys:[]
2021-06-18 12:03:54.115 INFO  com.alibaba.nacos.client.config.impl.ClientWorker Line:522 - get changedGroupKeys:[]
2021-06-18 12:04:23.648 INFO  com.alibaba.nacos.client.config.impl.ClientWorker Line:522 - get changedGroupKeys:[]
2021-06-18 12:04:53.182 INFO  com.alibaba.nacos.client.config.impl.ClientWorker Line:522 - get changedGroupKeys:[]
2021-06-18 12:05:22.715 INFO  com.alibaba.nacos.client.config.impl.ClientWorker Line:522 - get changedGroupKeys:[]
2021-06-18 12:05:52.249 INFO  com.alibaba.nacos.client.config.impl.ClientWorker Line:522 - get changedGroupKeys:[]
2021-06-18 12:06:21.785 INFO  com.alibaba.nacos.client.config.impl.ClientWorker Line:522 - get changedGroupKeys:[]
2021-06-18 12:06:51.327 INFO  com.alibaba.nacos.client.config.impl.ClientWorker Line:522 - get changedGroupKeys:[]
2021-06-18 12:07:20.863 INFO  com.alibaba.nacos.client.config.impl.ClientWorker Line:522 - get changedGroupKeys:[]
2021-06-18 12:07:50.400 INFO  com.alibaba.nacos.client.config.impl.ClientWorker Line:522 - get changedGroupKeys:[]
2021-06-18 12:08:19.935 INFO  com.alibaba.nacos.client.config.impl.ClientWorker Line:522 - get changedGroupKeys:[]
2021-06-18 12:08:49.475 INFO  com.alibaba.nacos.client.config.impl.ClientWorker Line:522 - get changedGroupKeys:[]
2021-06-18 12:09:19.016 INFO  com.alibaba.nacos.client.config.impl.ClientWorker Line:522 - get changedGroupKeys:[]
2021-06-18 12:09:48.599 INFO  com.alibaba.nacos.client.config.impl.ClientWorker Line:522 - get changedGroupKeys:[]
2021-06-18 12:10:18.135 INFO  com.alibaba.nacos.client.config.impl.ClientWorker Line:522 - get changedGroupKeys:[]
2021-06-18 12:10:47.668 INFO  com.alibaba.nacos.client.config.impl.ClientWorker Line:522 - get changedGroupKeys:[]
2021-06-18 12:11:17.204 INFO  com.alibaba.nacos.client.config.impl.ClientWorker Line:522 - get changedGroupKeys:[]
2021-06-18 12:11:46.739 INFO  com.alibaba.nacos.client.config.impl.ClientWorker Line:522 - get changedGroupKeys:[]
2021-06-18 12:12:16.274 INFO  com.alibaba.nacos.client.config.impl.ClientWorker Line:522 - get changedGroupKeys:[]
2021-06-18 12:12:45.877 INFO  com.alibaba.nacos.client.config.impl.ClientWorker Line:522 - get changedGroupKeys:[]
2021-06-18 12:13:15.413 INFO  com.alibaba.nacos.client.config.impl.ClientWorker Line:522 - get changedGroupKeys:[]
2021-06-18 12:13:44.948 INFO  com.alibaba.nacos.client.config.impl.ClientWorker Line:522 - get changedGroupKeys:[]
2021-06-18 12:14:14.483 INFO  com.alibaba.nacos.client.config.impl.ClientWorker Line:522 - get changedGroupKeys:[]
2021-06-18 12:14:44.019 INFO  com.alibaba.nacos.client.config.impl.ClientWorker Line:522 - get changedGroupKeys:[]
2021-06-18 12:15:13.555 INFO  com.alibaba.nacos.client.config.impl.ClientWorker Line:522 - get changedGroupKeys:[]
2021-06-18 12:15:43.093 INFO  com.alibaba.nacos.client.config.impl.ClientWorker Line:522 - get changedGroupKeys:[]
2021-06-18 12:16:12.629 INFO  com.alibaba.nacos.client.config.impl.ClientWorker Line:522 - get changedGroupKeys:[]
2021-06-18 12:16:42.163 INFO  com.alibaba.nacos.client.config.impl.ClientWorker Line:522 - get changedGroupKeys:[]
2021-06-18 12:17:11.699 INFO  com.alibaba.nacos.client.config.impl.ClientWorker Line:522 - get changedGroupKeys:[]
2021-06-18 12:17:41.240 INFO  com.alibaba.nacos.client.config.impl.ClientWorker Line:522 - get changedGroupKeys:[]
2021-06-18 12:18:10.775 INFO  com.alibaba.nacos.client.config.impl.ClientWorker Line:522 - get changedGroupKeys:[]
2021-06-18 12:18:40.309 INFO  com.alibaba.nacos.client.config.impl.ClientWorker Line:522 - get changedGroupKeys:[]
2021-06-18 12:19:09.847 INFO  com.alibaba.nacos.client.config.impl.ClientWorker Line:522 - get changedGroupKeys:[]
2021-06-18 12:19:39.382 INFO  com.alibaba.nacos.client.config.impl.ClientWorker Line:522 - get changedGroupKeys:[]
2021-06-18 12:20:08.917 INFO  com.alibaba.nacos.client.config.impl.ClientWorker Line:522 - get changedGroupKeys:[]
2021-06-18 12:20:38.455 INFO  com.alibaba.nacos.client.config.impl.ClientWorker Line:522 - get changedGroupKeys:[]
2021-06-18 12:21:07.990 INFO  com.alibaba.nacos.client.config.impl.ClientWorker Line:522 - get changedGroupKeys:[]
2021-06-18 12:21:37.528 INFO  com.alibaba.nacos.client.config.impl.ClientWorker Line:522 - get changedGroupKeys:[]
2021-06-18 12:22:07.075 INFO  com.alibaba.nacos.client.config.impl.ClientWorker Line:522 - get changedGroupKeys:[]
2021-06-18 12:22:36.609 INFO  com.alibaba.nacos.client.config.impl.ClientWorker Line:522 - get changedGroupKeys:[]
2021-06-18 12:23:06.147 INFO  com.alibaba.nacos.client.config.impl.ClientWorker Line:522 - get changedGroupKeys:[]
2021-06-18 12:23:35.685 INFO  com.alibaba.nacos.client.config.impl.ClientWorker Line:522 - get changedGroupKeys:[]
2021-06-18 12:24:05.223 INFO  com.alibaba.nacos.client.config.impl.ClientWorker Line:522 - get changedGroupKeys:[]
2021-06-18 12:24:34.758 INFO  com.alibaba.nacos.client.config.impl.ClientWorker Line:522 - get changedGroupKeys:[]
2021-06-18 12:25:04.294 INFO  com.alibaba.nacos.client.config.impl.ClientWorker Line:522 - get changedGroupKeys:[]
2021-06-18 12:25:33.829 INFO  com.alibaba.nacos.client.config.impl.ClientWorker Line:522 - get changedGroupKeys:[]
2021-06-18 12:26:03.367 INFO  com.alibaba.nacos.client.config.impl.ClientWorker Line:522 - get changedGroupKeys:[]
2021-06-18 12:26:32.902 INFO  com.alibaba.nacos.client.config.impl.ClientWorker Line:522 - get changedGroupKeys:[]
2021-06-18 12:27:02.437 INFO  com.alibaba.nacos.client.config.impl.ClientWorker Line:522 - get changedGroupKeys:[]
2021-06-18 12:27:31.975 INFO  com.alibaba.nacos.client.config.impl.ClientWorker Line:522 - get changedGroupKeys:[]
2021-06-18 12:28:01.510 INFO  com.alibaba.nacos.client.config.impl.ClientWorker Line:522 - get changedGroupKeys:[]
2021-06-18 12:28:31.047 INFO  com.alibaba.nacos.client.config.impl.ClientWorker Line:522 - get changedGroupKeys:[]
2021-06-18 12:29:00.581 INFO  com.alibaba.nacos.client.config.impl.ClientWorker Line:522 - get changedGroupKeys:[]
2021-06-18 12:29:30.120 INFO  com.alibaba.nacos.client.config.impl.ClientWorker Line:522 - get changedGroupKeys:[]
2021-06-18 12:29:59.654 INFO  com.alibaba.nacos.client.config.impl.ClientWorker Line:522 - get changedGroupKeys:[]
2021-06-18 12:30:29.192 INFO  com.alibaba.nacos.client.config.impl.ClientWorker Line:522 - get changedGroupKeys:[]
2021-06-18 13:13:49.336 INFO  com.alibaba.nacos.client.naming Line:196 - [REGISTER-SERVICE] public registering service DEFAULT_GROUP@@seckill-provider with instance: {"clusterName":"DEFAULT","enabled":true,"ephemeral":true,"healthy":true,"instanceHeartBeatInterval":5000,"instanceHeartBeatTimeOut":15000,"ip":"172.20.89.206","ipDeleteTimeout":30000,"metadata":{"preserved.register.source":"SPRING_CLOUD"},"port":9093,"serviceName":"DEFAULT_GROUP@@seckill-provider","weight":1.0}
